<?xml version="1.0" encoding="UTF-8"?>
<testsuite xmlns:xsi="http://www.w3.org/2001/XMLSchema-instance" xsi:noNamespaceSchemaLocation="https://maven.apache.org/surefire/maven-failsafe-plugin/xsd/failsafe-test-report-3.0.xsd" version="3.0" name="com.example.tasklist.kyc.application.KycVerificationServiceIT" time="3.988" tests="3" errors="0" skipped="0" failures="0">
  <properties>
[...]
</properties>
  <testcase name="completeKyc_isIdempotent_onRetry" classname="com.example.tasklist.kyc.application.KycVerificationServiceIT" time="0.09">
    <system-out><![CDATA[18:41:32.471 [main] INFO org.testcontainers.images.PullPolicy -- Image pull policy will be performed by: DefaultPullPolicy()
18:41:32.472 [main] INFO org.testcontainers.utility.ImageNameSubstitutor -- Image name substitution will be performed by: DefaultImageNameSubstitutor (composite of 'ConfigurationFileImageNameSubstitutor' and 'PrefixingImageNameSubstitutor')
18:41:32.584 [main] INFO org.testcontainers.dockerclient.DockerClientProviderStrategy -- Loaded org.testcontainers.dockerclient.UnixSocketClientProviderStrategy from ~/.testcontainers.properties, will try it first
18:41:32.689 [main] INFO org.testcontainers.dockerclient.DockerClientProviderStrategy -- Found Docker environment with local Unix socket (unix:///var/run/docker.sock)
18:41:32.690 [main] INFO org.testcontainers.DockerClientFactory -- Docker host IP address is localhost
18:41:32.702 [main] INFO org.testcontainers.DockerClientFactory -- Connected to docker: 
  Server Version: 29.8.0
  API Version: 1.56
  Operating System: Docker Desktop
  Total Memory: 7833 MB
18:41:32.718 [main] INFO tc.testcontainers/ryuk:0.7.0 -- Creating container for image: testcontainers/ryuk:0.7.0
18:41:32.859 [main] INFO tc.testcontainers/ryuk:0.7.0 -- Container testcontainers/ryuk:0.7.0 is starting: 5f92f10d3a06f04f114e81ff52f05c2eec817d2ae088bce48560d1586d25085c
18:41:32.969 [main] INFO tc.testcontainers/ryuk:0.7.0 -- Container testcontainers/ryuk:0.7.0 started in PT0.250387S
18:41:32.972 [main] INFO org.testcontainers.utility.RyukResourceReaper -- Ryuk started - will monitor and terminate Testcontainers containers on JVM exit
18:41:32.972 [main] INFO org.testcontainers.DockerClientFactory -- Checking the system...
18:41:32.972 [main] INFO org.testcontainers.DockerClientFactory -- ✔︎ Docker server version should be at least 1.6.0
18:41:33.018 [main] INFO tc.postgres:16-alpine -- Creating container for image: postgres:16-alpine
18:41:33.040 [main] INFO tc.postgres:16-alpine -- Container postgres:16-alpine is starting: 666338f1203ab40d74e7770082b395f797027c5df5ce10cea1be4b2ffc2c054a
18:41:33.825 [main] INFO tc.postgres:16-alpine -- Container postgres:16-alpine started in PT0.80667S
18:41:33.827 [main] INFO tc.postgres:16-alpine -- Container is started (JDBC URL: jdbc:postgresql://localhost:64795/test?loggerLevel=OFF)

  .   ____          _            __ _ _
 /\\ / ___'_ __ _ _(_)_ __  __ _ \ \ \ \
( ( )\___ | '_ | '_| | '_ \/ _` | \ \ \ \
 \\/  ___)| |_)| | | | | || (_| |  ) ) ) )
  '  |____| .__|_| |_|_| |_\__, | / / / /
 =========|_|==============|___/=/_/_/_/

 :: Spring Boot ::                (v3.3.4)

2026-09-17T18:41:34.004+03:00  INFO [,] 86210 --- [kyc-verification-service] [           main] c.e.t.k.a.KycVerificationServiceIT       : Starting KycVerificationServiceIT using Java 25.0.1 with PID 86210 (started by sergejacmennikov in /Users/sergejacmennikov/Desktop/projects/tasks_list/kyc-verification-service)
2026-09-17T18:41:34.004+03:00  INFO [,] 86210 --- [kyc-verification-service] [           main] c.e.t.k.a.KycVerificationServiceIT       : No active profile set, falling back to 1 default profile: "default"
2026-09-17T18:41:35.172+03:00  INFO [,] 86210 --- [kyc-verification-service] [           main] org.flywaydb.core.FlywayExecutor         : Database: jdbc:postgresql://localhost:64795/test (PostgreSQL 16.13)
2026-09-17T18:41:35.186+03:00  INFO [,] 86210 --- [kyc-verification-service] [           main] o.f.c.i.s.JdbcTableSchemaHistory         : Schema history table "public"."flyway_schema_history" does not exist yet
2026-09-17T18:41:35.187+03:00  INFO [,] 86210 --- [kyc-verification-service] [           main] o.f.core.internal.command.DbValidate     : Successfully validated 1 migration (execution time 00:00.006s)
2026-09-17T18:41:35.194+03:00  INFO [,] 86210 --- [kyc-verification-service] [           main] o.f.c.i.s.JdbcTableSchemaHistory         : Creating Schema History table "public"."flyway_schema_history" ...
2026-09-17T18:41:35.219+03:00  INFO [,] 86210 --- [kyc-verification-service] [           main] o.f.core.internal.command.DbMigrate      : Current version of schema "public": << Empty Schema >>
2026-09-17T18:41:35.221+03:00  INFO [,] 86210 --- [kyc-verification-service] [           main] o.f.core.internal.command.DbMigrate      : Migrating schema "public" to version "1 - init"
2026-09-17T18:41:35.233+03:00  INFO [,] 86210 --- [kyc-verification-service] [           main] o.f.core.internal.command.DbMigrate      : Successfully applied 1 migration to schema "public", now at version v1 (execution time 00:00.004s)
2026-09-17T18:41:36.020+03:00  INFO [,] 86210 --- [kyc-verification-service] [           main] o.s.b.t.m.w.SpringBootMockServletContext : Initializing Spring TestDispatcherServlet ''
2026-09-17T18:41:36.020+03:00  INFO [,] 86210 --- [kyc-verification-service] [           main] o.s.t.web.servlet.TestDispatcherServlet  : Initializing Servlet ''
2026-09-17T18:41:36.025+03:00  INFO [,] 86210 --- [kyc-verification-service] [           main] o.s.b.a.e.web.EndpointLinksResolver      : Exposing 3 endpoints beneath base path '/actuator'
2026-09-17T18:41:36.033+03:00  INFO [,] 86210 --- [kyc-verification-service] [           main] o.s.t.web.servlet.TestDispatcherServlet  : Completed initialization in 12 ms
2026-09-17T18:41:36.063+03:00  INFO [,] 86210 --- [kyc-verification-service] [           main] c.e.t.k.a.KycVerificationServiceIT       : Started KycVerificationServiceIT in 2.194 seconds (process running for 3.882)
2026-09-17T18:41:36.115+03:00  INFO [,] 86210 --- [kyc-verification-service] [           main] com.zaxxer.hikari.HikariDataSource       : HikariPool-1 - Starting...
2026-09-17T18:41:36.132+03:00  INFO [,] 86210 --- [kyc-verification-service] [           main] com.zaxxer.hikari.pool.HikariPool        : HikariPool-1 - Added connection org.postgresql.jdbc.PgConnection@4928a347
2026-09-17T18:41:36.133+03:00  INFO [,] 86210 --- [kyc-verification-service] [           main] com.zaxxer.hikari.HikariDataSource       : HikariPool-1 - Start completed.
2026-09-17T18:41:36.191+03:00  INFO [8c8605b9-52b4-4c33-9afa-6654de48ccc2,59132331-3e84-4f73-b024-eacf085ba7fc] 86210 --- [kyc-verification-service] [           main] c.e.t.k.application.service.KycService   : Application 59132331-3e84-4f73-b024-eacf085ba7fc KYC already completed, treating as idempotent retry
]]></system-out>
    <system-err><![CDATA[WARNING: A Java agent has been loaded dynamically (/Users/sergejacmennikov/.m2/repository/net/bytebuddy/byte-buddy-agent/1.14.19/byte-buddy-agent-1.14.19.jar)
WARNING: If a serviceability tool is in use, please run with -XX:+EnableDynamicAgentLoading to hide this warning
WARNING: If a serviceability tool is not in use, please run with -Djdk.instrument.traceUsage for more information
WARNING: Dynamic loading of agents will be disallowed by default in a future release
]]></system-err>
  </testcase>
  <testcase name="concurrentCalls_completeExactlyOnce" classname="com.example.tasklist.kyc.application.KycVerificationServiceIT" time="0.031">
    <system-out><![CDATA[2026-09-17T18:41:36.209+03:00  INFO [f8030163-3bd7-4112-8870-5b2b49fecfa0,deeb1a80-b3a8-4d72-9e67-fd901ff12250] 86210 --- [kyc-verification-service] [pool-4-thread-2] c.e.t.k.application.service.KycService   : Application deeb1a80-b3a8-4d72-9e67-fd901ff12250 was already transitioned by a concurrent call; SMS was still sent for this request
2026-09-17T18:41:36.210+03:00  INFO [87541148-a0f4-41f4-8b95-acf1b48b619e,deeb1a80-b3a8-4d72-9e67-fd901ff12250] 86210 --- [kyc-verification-service] [pool-4-thread-3] c.e.t.k.application.service.KycService   : Application deeb1a80-b3a8-4d72-9e67-fd901ff12250 was already transitioned by a concurrent call; SMS was still sent for this request
2026-09-17T18:41:36.210+03:00  INFO [c84497a8-bc7b-42a9-93ff-99ab5d484ecb,deeb1a80-b3a8-4d72-9e67-fd901ff12250] 86210 --- [kyc-verification-service] [pool-4-thread-1] c.e.t.k.application.service.KycService   : Application deeb1a80-b3a8-4d72-9e67-fd901ff12250 was already transitioned by a concurrent call; SMS was still sent for this request
]]></system-out>
  </testcase>
  <testcase name="completesKyc_persistsState" classname="com.example.tasklist.kyc.application.KycVerificationServiceIT" time="0.007"/>
</testsuite>