<?xml version="1.0" encoding="UTF-8"?>
<testsuite xmlns:xsi="http://www.w3.org/2001/XMLSchema-instance" xsi:noNamespaceSchemaLocation="https://maven.apache.org/surefire/maven-failsafe-plugin/xsd/failsafe-test-report-3.0.xsd" version="3.0" name="com.example.tasklist.lending.application.LendingApplicationServiceIT" time="27.128" tests="2" errors="0" skipped="0" failures="0">
  <properties>
[...]
</properties>
  <testcase name="concurrentCalls_blockExactlyOnce" classname="com.example.tasklist.lending.application.LendingApplicationServiceIT" time="10.353">
    <system-out><![CDATA[16:40:19.374 [main] INFO org.testcontainers.images.PullPolicy -- Image pull policy will be performed by: DefaultPullPolicy()
16:40:19.375 [main] INFO org.testcontainers.utility.ImageNameSubstitutor -- Image name substitution will be performed by: DefaultImageNameSubstitutor (composite of 'ConfigurationFileImageNameSubstitutor' and 'PrefixingImageNameSubstitutor')
16:40:19.472 [main] INFO org.testcontainers.dockerclient.DockerClientProviderStrategy -- Loaded org.testcontainers.dockerclient.UnixSocketClientProviderStrategy from ~/.testcontainers.properties, will try it first
16:40:19.565 [main] INFO org.testcontainers.dockerclient.DockerClientProviderStrategy -- Found Docker environment with local Unix socket (unix:///var/run/docker.sock)
16:40:19.566 [main] INFO org.testcontainers.DockerClientFactory -- Docker host IP address is localhost
16:40:19.579 [main] INFO org.testcontainers.DockerClientFactory -- Connected to docker: 
  Server Version: 29.8.0
  API Version: 1.56
  Operating System: Docker Desktop
  Total Memory: 7833 MB
16:40:19.596 [main] INFO tc.testcontainers/ryuk:0.7.0 -- Creating container for image: testcontainers/ryuk:0.7.0
16:40:19.730 [main] INFO tc.testcontainers/ryuk:0.7.0 -- Container testcontainers/ryuk:0.7.0 is starting: 8f9c2287009056702c4d0ab5cd16d3c5fa3bd86c325c03ccb5730705d38d1909
16:40:19.841 [main] INFO tc.testcontainers/ryuk:0.7.0 -- Container testcontainers/ryuk:0.7.0 started in PT0.245219S
16:40:19.845 [main] INFO org.testcontainers.utility.RyukResourceReaper -- Ryuk started - will monitor and terminate Testcontainers containers on JVM exit
16:40:19.845 [main] INFO org.testcontainers.DockerClientFactory -- Checking the system...
16:40:19.845 [main] INFO org.testcontainers.DockerClientFactory -- ✔︎ Docker server version should be at least 1.6.0
16:40:19.897 [main] INFO tc.confluentinc/cp-kafka:7.6.0 -- Creating container for image: confluentinc/cp-kafka:7.6.0
16:40:19.922 [main] INFO tc.confluentinc/cp-kafka:7.6.0 -- Container confluentinc/cp-kafka:7.6.0 is starting: 9a35ad04a4cedc5d424886caffdab340f45a639fd2bfb14b6257c0dc4b95ea09
16:40:22.054 [main] INFO tc.confluentinc/cp-kafka:7.6.0 -- Container confluentinc/cp-kafka:7.6.0 started in PT2.157401S
16:40:22.055 [main] INFO tc.postgres:16-alpine -- Creating container for image: postgres:16-alpine
16:40:22.075 [main] INFO tc.postgres:16-alpine -- Container postgres:16-alpine is starting: b08b4806849251536976f1c6dc6845efa3d8131d25426ec6c8fb79417979f5df
16:40:22.817 [main] INFO tc.postgres:16-alpine -- Container postgres:16-alpine started in PT0.762271S
16:40:22.818 [main] INFO tc.postgres:16-alpine -- Container is started (JDBC URL: jdbc:postgresql://localhost:63211/test?loggerLevel=OFF)

  .   ____          _            __ _ _
 /\\ / ___'_ __ _ _(_)_ __  __ _ \ \ \ \
( ( )\___ | '_ | '_| | '_ \/ _` | \ \ \ \
 \\/  ___)| |_)| | | | | || (_| |  ) ) ) )
  '  |____| .__|_| |_|_| |_\__, | / / / /
 =========|_|==============|___/=/_/_/_/

 :: Spring Boot ::                (v3.3.4)

2026-09-17T16:40:22.945+03:00  INFO [,] 77122 --- [lending-application-service] [           main] c.e.t.l.a.LendingApplicationServiceIT    : Starting LendingApplicationServiceIT using Java 25.0.1 with PID 77122 (started by sergejacmennikov in /Users/sergejacmennikov/Desktop/projects/tasks_list/lending-application-service)
2026-09-17T16:40:22.946+03:00  INFO [,] 77122 --- [lending-application-service] [           main] c.e.t.l.a.LendingApplicationServiceIT    : No active profile set, falling back to 1 default profile: "default"
2026-09-17T16:40:24.096+03:00  INFO [,] 77122 --- [lending-application-service] [           main] org.flywaydb.core.FlywayExecutor         : Database: jdbc:postgresql://localhost:63211/test (PostgreSQL 16.13)
2026-09-17T16:40:24.111+03:00  INFO [,] 77122 --- [lending-application-service] [           main] o.f.c.i.s.JdbcTableSchemaHistory         : Schema history table "public"."flyway_schema_history" does not exist yet
2026-09-17T16:40:24.113+03:00  INFO [,] 77122 --- [lending-application-service] [           main] o.f.core.internal.command.DbValidate     : Successfully validated 1 migration (execution time 00:00.006s)
2026-09-17T16:40:24.121+03:00  INFO [,] 77122 --- [lending-application-service] [           main] o.f.c.i.s.JdbcTableSchemaHistory         : Creating Schema History table "public"."flyway_schema_history" ...
2026-09-17T16:40:24.143+03:00  INFO [,] 77122 --- [lending-application-service] [           main] o.f.core.internal.command.DbMigrate      : Current version of schema "public": << Empty Schema >>
2026-09-17T16:40:24.148+03:00  INFO [,] 77122 --- [lending-application-service] [           main] o.f.core.internal.command.DbMigrate      : Migrating schema "public" to version "1 - init"
2026-09-17T16:40:24.163+03:00  INFO [,] 77122 --- [lending-application-service] [           main] o.f.core.internal.command.DbMigrate      : Successfully applied 1 migration to schema "public", now at version v1 (execution time 00:00.008s)
2026-09-17T16:40:25.017+03:00  INFO [,] 77122 --- [lending-application-service] [           main] o.s.b.t.m.w.SpringBootMockServletContext : Initializing Spring TestDispatcherServlet ''
2026-09-17T16:40:25.018+03:00  INFO [,] 77122 --- [lending-application-service] [           main] o.s.t.web.servlet.TestDispatcherServlet  : Initializing Servlet ''
2026-09-17T16:40:25.022+03:00  INFO [,] 77122 --- [lending-application-service] [           main] o.s.b.a.e.web.EndpointLinksResolver      : Exposing 3 endpoints beneath base path '/actuator'
2026-09-17T16:40:25.032+03:00  INFO [,] 77122 --- [lending-application-service] [           main] o.s.t.web.servlet.TestDispatcherServlet  : Completed initialization in 14 ms
2026-09-17T16:40:25.063+03:00  INFO [,] 77122 --- [lending-application-service] [           main] c.e.t.l.a.LendingApplicationServiceIT    : Started LendingApplicationServiceIT in 2.226 seconds (process running for 5.968)
2026-09-17T16:40:25.067+03:00  INFO [,] 77122 --- [lending-application-service] [   scheduling-1] com.zaxxer.hikari.HikariDataSource       : HikariPool-1 - Starting...
2026-09-17T16:40:25.084+03:00  INFO [,] 77122 --- [lending-application-service] [   scheduling-1] com.zaxxer.hikari.pool.HikariPool        : HikariPool-1 - Added connection org.postgresql.jdbc.PgConnection@37fa4e67
2026-09-17T16:40:25.085+03:00  INFO [,] 77122 --- [lending-application-service] [   scheduling-1] com.zaxxer.hikari.HikariDataSource       : HikariPool-1 - Start completed.
2026-09-17T16:40:25.110+03:00  INFO [,] 77122 --- [lending-application-service] [           main] o.a.k.clients.consumer.ConsumerConfig    : ConsumerConfig values: 
	allow.auto.create.topics = true
	auto.commit.interval.ms = 5000
	auto.include.jmx.reporter = true
	auto.offset.reset = earliest
	bootstrap.servers = [PLAINTEXT://localhost:63210]
	check.crcs = true
	client.dns.lookup = use_all_dns_ips
	client.id = consumer-it-406b8ce3-9ab9-414d-8453-dc8eef72066d-1
	client.rack = 
	connections.max.idle.ms = 540000
	default.api.timeout.ms = 60000
	enable.auto.commit = true
	enable.metrics.push = true
	exclude.internal.topics = true
	fetch.max.bytes = 52428800
	fetch.max.wait.ms = 500
	fetch.min.bytes = 1
	group.id = it-406b8ce3-9ab9-414d-8453-dc8eef72066d
	group.instance.id = null
	group.protocol = classic
	group.remote.assignor = null
	heartbeat.interval.ms = 3000
	interceptor.classes = []
	internal.leave.group.on.close = true
	internal.throw.on.fetch.stable.offset.unsupported = false
	isolation.level = read_uncommitted
	key.deserializer = class org.apache.kafka.common.serialization.StringDeserializer
	max.partition.fetch.bytes = 1048576
	max.poll.interval.ms = 300000
	max.poll.records = 500
	metadata.max.age.ms = 300000
	metric.reporters = []
	metrics.num.samples = 2
	metrics.recording.level = INFO
	metrics.sample.window.ms = 30000
	partition.assignment.strategy = [class org.apache.kafka.clients.consumer.RangeAssignor, class org.apache.kafka.clients.consumer.CooperativeStickyAssignor]
	receive.buffer.bytes = 65536
	reconnect.backoff.max.ms = 1000
	reconnect.backoff.ms = 50
	request.timeout.ms = 30000
	retry.backoff.max.ms = 1000
	retry.backoff.ms = 100
	sasl.client.callback.handler.class = null
	sasl.jaas.config = null
	sasl.kerberos.kinit.cmd = /usr/bin/kinit
	sasl.kerberos.min.time.before.relogin = 60000
	sasl.kerberos.service.name = null
	sasl.kerberos.ticket.renew.jitter = 0.05
	sasl.kerberos.ticket.renew.window.factor = 0.8
	sasl.login.callback.handler.class = null
	sasl.login.class = null
	sasl.login.connect.timeout.ms = null
	sasl.login.read.timeout.ms = null
	sasl.login.refresh.buffer.seconds = 300
	sasl.login.refresh.min.period.seconds = 60
	sasl.login.refresh.window.factor = 0.8
	sasl.login.refresh.window.jitter = 0.05
	sasl.login.retry.backoff.max.ms = 10000
	sasl.login.retry.backoff.ms = 100
	sasl.mechanism = GSSAPI
	sasl.oauthbearer.clock.skew.seconds = 30
	sasl.oauthbearer.expected.audience = null
	sasl.oauthbearer.expected.issuer = null
	sasl.oauthbearer.jwks.endpoint.refresh.ms = 3600000
	sasl.oauthbearer.jwks.endpoint.retry.backoff.max.ms = 10000
	sasl.oauthbearer.jwks.endpoint.retry.backoff.ms = 100
	sasl.oauthbearer.jwks.endpoint.url = null
	sasl.oauthbearer.scope.claim.name = scope
	sasl.oauthbearer.sub.claim.name = sub
	sasl.oauthbearer.token.endpoint.url = null
	security.protocol = PLAINTEXT
	security.providers = null
	send.buffer.bytes = 131072
	session.timeout.ms = 45000
	socket.connection.setup.timeout.max.ms = 30000
	socket.connection.setup.timeout.ms = 10000
	ssl.cipher.suites = null
	ssl.enabled.protocols = [TLSv1.2, TLSv1.3]
	ssl.endpoint.identification.algorithm = https
	ssl.engine.factory.class = null
	ssl.key.password = null
	ssl.keymanager.algorithm = SunX509
	ssl.keystore.certificate.chain = null
	ssl.keystore.key = null
	ssl.keystore.location = null
	ssl.keystore.password = null
	ssl.keystore.type = JKS
	ssl.protocol = TLSv1.3
	ssl.provider = null
	ssl.secure.random.implementation = null
	ssl.trustmanager.algorithm = PKIX
	ssl.truststore.certificates = null
	ssl.truststore.location = null
	ssl.truststore.password = null
	ssl.truststore.type = JKS
	value.deserializer = class org.apache.kafka.common.serialization.StringDeserializer

2026-09-17T16:40:25.125+03:00  INFO [,] 77122 --- [lending-application-service] [           main] o.a.k.c.t.i.KafkaMetricsCollector        : initializing Kafka metrics collector
2026-09-17T16:40:25.153+03:00  INFO [,] 77122 --- [lending-application-service] [           main] o.a.kafka.common.utils.AppInfoParser     : Kafka version: 3.7.1
2026-09-17T16:40:25.153+03:00  INFO [,] 77122 --- [lending-application-service] [           main] o.a.kafka.common.utils.AppInfoParser     : Kafka commitId: e2494e6ffb89f828
2026-09-17T16:40:25.153+03:00  INFO [,] 77122 --- [lending-application-service] [           main] o.a.kafka.common.utils.AppInfoParser     : Kafka startTimeMs: 1789652425153
2026-09-17T16:40:25.154+03:00  INFO [,] 77122 --- [lending-application-service] [           main] o.a.k.c.c.internals.LegacyKafkaConsumer  : [Consumer clientId=consumer-it-406b8ce3-9ab9-414d-8453-dc8eef72066d-1, groupId=it-406b8ce3-9ab9-414d-8453-dc8eef72066d] Subscribed to topic(s): application-limit-blocked
2026-09-17T16:40:25.194+03:00  INFO [da42c2b2-f80d-4060-b924-101cb2adc14a,1a6cfd4b-a293-499f-b4cd-5341a4324f6f] 77122 --- [lending-application-service] [pool-4-thread-2] c.e.t.l.a.service.LenderService          : Application 1a6cfd4b-a293-499f-b4cd-5341a4324f6f was already transitioned by a concurrent call; lender block block-race is idempotent, nothing to persist
2026-09-17T16:40:25.194+03:00  INFO [03858f40-9cd2-4c89-9112-a485fcf98edc,1a6cfd4b-a293-499f-b4cd-5341a4324f6f] 77122 --- [lending-application-service] [pool-4-thread-4] c.e.t.l.a.service.LenderService          : Application 1a6cfd4b-a293-499f-b4cd-5341a4324f6f was already transitioned by a concurrent call; lender block block-race is idempotent, nothing to persist
2026-09-17T16:40:25.195+03:00  INFO [8390aa14-8747-4132-9c8b-35ad73345622,1a6cfd4b-a293-499f-b4cd-5341a4324f6f] 77122 --- [lending-application-service] [pool-4-thread-1] c.e.t.l.a.service.LenderService          : Application 1a6cfd4b-a293-499f-b4cd-5341a4324f6f was already transitioned by a concurrent call; lender block block-race is idempotent, nothing to persist
2026-09-17T16:40:25.353+03:00  WARN [,] 77122 --- [lending-application-service] [           main] org.apache.kafka.clients.NetworkClient   : [Consumer clientId=consumer-it-406b8ce3-9ab9-414d-8453-dc8eef72066d-1, groupId=it-406b8ce3-9ab9-414d-8453-dc8eef72066d] Error while fetching metadata with correlation id 2 : {application-limit-blocked=LEADER_NOT_AVAILABLE}
2026-09-17T16:40:25.353+03:00  INFO [,] 77122 --- [lending-application-service] [           main] org.apache.kafka.clients.Metadata        : [Consumer clientId=consumer-it-406b8ce3-9ab9-414d-8453-dc8eef72066d-1, groupId=it-406b8ce3-9ab9-414d-8453-dc8eef72066d] Cluster ID: qZLdVUPWRGaBVDHz-m0mtg
2026-09-17T16:40:25.480+03:00  INFO [,] 77122 --- [lending-application-service] [           main] o.a.k.c.c.internals.ConsumerCoordinator  : [Consumer clientId=consumer-it-406b8ce3-9ab9-414d-8453-dc8eef72066d-1, groupId=it-406b8ce3-9ab9-414d-8453-dc8eef72066d] Discovered group coordinator localhost:63210 (id: 2147483646 rack: null)
2026-09-17T16:40:25.482+03:00  INFO [,] 77122 --- [lending-application-service] [           main] o.a.k.c.c.internals.ConsumerCoordinator  : [Consumer clientId=consumer-it-406b8ce3-9ab9-414d-8453-dc8eef72066d-1, groupId=it-406b8ce3-9ab9-414d-8453-dc8eef72066d] (Re-)joining group
2026-09-17T16:40:25.492+03:00  INFO [,] 77122 --- [lending-application-service] [           main] o.a.k.c.c.internals.ConsumerCoordinator  : [Consumer clientId=consumer-it-406b8ce3-9ab9-414d-8453-dc8eef72066d-1, groupId=it-406b8ce3-9ab9-414d-8453-dc8eef72066d] Request joining group due to: need to re-join with the given member-id: consumer-it-406b8ce3-9ab9-414d-8453-dc8eef72066d-1-ef37cbf9-b233-474d-bcff-01eafb98ecee
2026-09-17T16:40:25.492+03:00  INFO [,] 77122 --- [lending-application-service] [           main] o.a.k.c.c.internals.ConsumerCoordinator  : [Consumer clientId=consumer-it-406b8ce3-9ab9-414d-8453-dc8eef72066d-1, groupId=it-406b8ce3-9ab9-414d-8453-dc8eef72066d] (Re-)joining group
2026-09-17T16:40:25.501+03:00  INFO [,] 77122 --- [lending-application-service] [           main] o.a.k.c.c.internals.ConsumerCoordinator  : [Consumer clientId=consumer-it-406b8ce3-9ab9-414d-8453-dc8eef72066d-1, groupId=it-406b8ce3-9ab9-414d-8453-dc8eef72066d] Successfully joined group with generation Generation{generationId=1, memberId='consumer-it-406b8ce3-9ab9-414d-8453-dc8eef72066d-1-ef37cbf9-b233-474d-bcff-01eafb98ecee', protocol='range'}
2026-09-17T16:40:25.503+03:00  INFO [,] 77122 --- [lending-application-service] [           main] o.a.k.c.c.internals.ConsumerCoordinator  : [Consumer clientId=consumer-it-406b8ce3-9ab9-414d-8453-dc8eef72066d-1, groupId=it-406b8ce3-9ab9-414d-8453-dc8eef72066d] Finished assignment for group at generation 1: {consumer-it-406b8ce3-9ab9-414d-8453-dc8eef72066d-1-ef37cbf9-b233-474d-bcff-01eafb98ecee=Assignment(partitions=[application-limit-blocked-0])}
2026-09-17T16:40:25.523+03:00  INFO [,] 77122 --- [lending-application-service] [           main] o.a.k.c.c.internals.ConsumerCoordinator  : [Consumer clientId=consumer-it-406b8ce3-9ab9-414d-8453-dc8eef72066d-1, groupId=it-406b8ce3-9ab9-414d-8453-dc8eef72066d] Successfully synced group in generation Generation{generationId=1, memberId='consumer-it-406b8ce3-9ab9-414d-8453-dc8eef72066d-1-ef37cbf9-b233-474d-bcff-01eafb98ecee', protocol='range'}
2026-09-17T16:40:25.524+03:00  INFO [,] 77122 --- [lending-application-service] [           main] o.a.k.c.c.internals.ConsumerCoordinator  : [Consumer clientId=consumer-it-406b8ce3-9ab9-414d-8453-dc8eef72066d-1, groupId=it-406b8ce3-9ab9-414d-8453-dc8eef72066d] Notifying assignor about the new Assignment(partitions=[application-limit-blocked-0])
2026-09-17T16:40:25.524+03:00  INFO [,] 77122 --- [lending-application-service] [           main] k.c.c.i.ConsumerRebalanceListenerInvoker : [Consumer clientId=consumer-it-406b8ce3-9ab9-414d-8453-dc8eef72066d-1, groupId=it-406b8ce3-9ab9-414d-8453-dc8eef72066d] Adding newly assigned partitions: application-limit-blocked-0
2026-09-17T16:40:25.531+03:00  INFO [,] 77122 --- [lending-application-service] [           main] o.a.k.c.c.internals.ConsumerCoordinator  : [Consumer clientId=consumer-it-406b8ce3-9ab9-414d-8453-dc8eef72066d-1, groupId=it-406b8ce3-9ab9-414d-8453-dc8eef72066d] Found no committed offset for partition application-limit-blocked-0
2026-09-17T16:40:25.538+03:00  INFO [,] 77122 --- [lending-application-service] [           main] o.a.k.c.c.internals.SubscriptionState    : [Consumer clientId=consumer-it-406b8ce3-9ab9-414d-8453-dc8eef72066d-1, groupId=it-406b8ce3-9ab9-414d-8453-dc8eef72066d] Resetting offset for partition application-limit-blocked-0 to position FetchPosition{offset=0, offsetEpoch=Optional.empty, currentLeader=LeaderAndEpoch{leader=Optional[localhost:63210 (id: 1 rack: null)], epoch=0}}.
2026-09-17T16:40:25.604+03:00  INFO [,1a6cfd4b-a293-499f-b4cd-5341a4324f6f] 77122 --- [lending-application-service] [   scheduling-1] o.a.k.clients.producer.ProducerConfig    : ProducerConfig values: 
	acks = -1
	auto.include.jmx.reporter = true
	batch.size = 16384
	bootstrap.servers = [PLAINTEXT://localhost:63210]
	buffer.memory = 33554432
	client.dns.lookup = use_all_dns_ips
	client.id = lending-application-service-producer-1
	compression.type = none
	connections.max.idle.ms = 540000
	delivery.timeout.ms = 120000
	enable.idempotence = true
	enable.metrics.push = true
	interceptor.classes = []
	key.serializer = class org.apache.kafka.common.serialization.StringSerializer
	linger.ms = 0
	max.block.ms = 3000
	max.in.flight.requests.per.connection = 5
	max.request.size = 1048576
	metadata.max.age.ms = 300000
	metadata.max.idle.ms = 300000
	metric.reporters = []
	metrics.num.samples = 2
	metrics.recording.level = INFO
	metrics.sample.window.ms = 30000
	partitioner.adaptive.partitioning.enable = true
	partitioner.availability.timeout.ms = 0
	partitioner.class = null
	partitioner.ignore.keys = false
	receive.buffer.bytes = 32768
	reconnect.backoff.max.ms = 1000
	reconnect.backoff.ms = 50
	request.timeout.ms = 30000
	retries = 5
	retry.backoff.max.ms = 1000
	retry.backoff.ms = 100
	sasl.client.callback.handler.class = null
	sasl.jaas.config = null
	sasl.kerberos.kinit.cmd = /usr/bin/kinit
	sasl.kerberos.min.time.before.relogin = 60000
	sasl.kerberos.service.name = null
	sasl.kerberos.ticket.renew.jitter = 0.05
	sasl.kerberos.ticket.renew.window.factor = 0.8
	sasl.login.callback.handler.class = null
	sasl.login.class = null
	sasl.login.connect.timeout.ms = null
	sasl.login.read.timeout.ms = null
	sasl.login.refresh.buffer.seconds = 300
	sasl.login.refresh.min.period.seconds = 60
	sasl.login.refresh.window.factor = 0.8
	sasl.login.refresh.window.jitter = 0.05
	sasl.login.retry.backoff.max.ms = 10000
	sasl.login.retry.backoff.ms = 100
	sasl.mechanism = GSSAPI
	sasl.oauthbearer.clock.skew.seconds = 30
	sasl.oauthbearer.expected.audience = null
	sasl.oauthbearer.expected.issuer = null
	sasl.oauthbearer.jwks.endpoint.refresh.ms = 3600000
	sasl.oauthbearer.jwks.endpoint.retry.backoff.max.ms = 10000
	sasl.oauthbearer.jwks.endpoint.retry.backoff.ms = 100
	sasl.oauthbearer.jwks.endpoint.url = null
	sasl.oauthbearer.scope.claim.name = scope
	sasl.oauthbearer.sub.claim.name = sub
	sasl.oauthbearer.token.endpoint.url = null
	security.protocol = PLAINTEXT
	security.providers = null
	send.buffer.bytes = 131072
	socket.connection.setup.timeout.max.ms = 30000
	socket.connection.setup.timeout.ms = 10000
	ssl.cipher.suites = null
	ssl.enabled.protocols = [TLSv1.2, TLSv1.3]
	ssl.endpoint.identification.algorithm = https
	ssl.engine.factory.class = null
	ssl.key.password = null
	ssl.keymanager.algorithm = SunX509
	ssl.keystore.certificate.chain = null
	ssl.keystore.key = null
	ssl.keystore.location = null
	ssl.keystore.password = null
	ssl.keystore.type = JKS
	ssl.protocol = TLSv1.3
	ssl.provider = null
	ssl.secure.random.implementation = null
	ssl.trustmanager.algorithm = PKIX
	ssl.truststore.certificates = null
	ssl.truststore.location = null
	ssl.truststore.password = null
	ssl.truststore.type = JKS
	transaction.timeout.ms = 60000
	transactional.id = null
	value.serializer = class org.apache.kafka.common.serialization.StringSerializer

2026-09-17T16:40:25.605+03:00  INFO [,1a6cfd4b-a293-499f-b4cd-5341a4324f6f] 77122 --- [lending-application-service] [   scheduling-1] o.a.k.c.t.i.KafkaMetricsCollector        : initializing Kafka metrics collector
2026-09-17T16:40:25.607+03:00  INFO [,1a6cfd4b-a293-499f-b4cd-5341a4324f6f] 77122 --- [lending-application-service] [   scheduling-1] o.a.k.clients.producer.KafkaProducer     : [Producer clientId=lending-application-service-producer-1] Instantiated an idempotent producer.
2026-09-17T16:40:25.613+03:00  INFO [,1a6cfd4b-a293-499f-b4cd-5341a4324f6f] 77122 --- [lending-application-service] [   scheduling-1] o.a.kafka.common.utils.AppInfoParser     : Kafka version: 3.7.1
2026-09-17T16:40:25.613+03:00  INFO [,1a6cfd4b-a293-499f-b4cd-5341a4324f6f] 77122 --- [lending-application-service] [   scheduling-1] o.a.kafka.common.utils.AppInfoParser     : Kafka commitId: e2494e6ffb89f828
2026-09-17T16:40:25.613+03:00  INFO [,1a6cfd4b-a293-499f-b4cd-5341a4324f6f] 77122 --- [lending-application-service] [   scheduling-1] o.a.kafka.common.utils.AppInfoParser     : Kafka startTimeMs: 1789652425612
2026-09-17T16:40:25.617+03:00  INFO [,] 77122 --- [lending-application-service] [vice-producer-1] org.apache.kafka.clients.Metadata        : [Producer clientId=lending-application-service-producer-1] Cluster ID: qZLdVUPWRGaBVDHz-m0mtg
2026-09-17T16:40:25.727+03:00  INFO [,] 77122 --- [lending-application-service] [vice-producer-1] o.a.k.c.p.internals.TransactionManager   : [Producer clientId=lending-application-service-producer-1] ProducerId set to 0 with epoch 0
2026-09-17T16:40:35.421+03:00  INFO [,] 77122 --- [lending-application-service] [           main] k.c.c.i.ConsumerRebalanceListenerInvoker : [Consumer clientId=consumer-it-406b8ce3-9ab9-414d-8453-dc8eef72066d-1, groupId=it-406b8ce3-9ab9-414d-8453-dc8eef72066d] Revoke previously assigned partitions application-limit-blocked-0
2026-09-17T16:40:35.422+03:00  INFO [,] 77122 --- [lending-application-service] [           main] o.a.k.c.c.internals.ConsumerCoordinator  : [Consumer clientId=consumer-it-406b8ce3-9ab9-414d-8453-dc8eef72066d-1, groupId=it-406b8ce3-9ab9-414d-8453-dc8eef72066d] Member consumer-it-406b8ce3-9ab9-414d-8453-dc8eef72066d-1-ef37cbf9-b233-474d-bcff-01eafb98ecee sending LeaveGroup request to coordinator localhost:63210 (id: 2147483646 rack: null) due to the consumer is being closed
2026-09-17T16:40:35.422+03:00  INFO [,] 77122 --- [lending-application-service] [           main] o.a.k.c.c.internals.ConsumerCoordinator  : [Consumer clientId=consumer-it-406b8ce3-9ab9-414d-8453-dc8eef72066d-1, groupId=it-406b8ce3-9ab9-414d-8453-dc8eef72066d] Resetting generation and member id due to: consumer pro-actively leaving the group
2026-09-17T16:40:35.422+03:00  INFO [,] 77122 --- [lending-application-service] [           main] o.a.k.c.c.internals.ConsumerCoordinator  : [Consumer clientId=consumer-it-406b8ce3-9ab9-414d-8453-dc8eef72066d-1, groupId=it-406b8ce3-9ab9-414d-8453-dc8eef72066d] Request joining group due to: consumer pro-actively leaving the group
2026-09-17T16:40:35.439+03:00  INFO [,] 77122 --- [lending-application-service] [           main] o.apache.kafka.common.metrics.Metrics    : Metrics scheduler closed
2026-09-17T16:40:35.439+03:00  INFO [,] 77122 --- [lending-application-service] [           main] o.apache.kafka.common.metrics.Metrics    : Closing reporter org.apache.kafka.common.metrics.JmxReporter
2026-09-17T16:40:35.439+03:00  INFO [,] 77122 --- [lending-application-service] [           main] o.apache.kafka.common.metrics.Metrics    : Closing reporter org.apache.kafka.common.telemetry.internals.ClientTelemetryReporter
2026-09-17T16:40:35.439+03:00  INFO [,] 77122 --- [lending-application-service] [           main] o.apache.kafka.common.metrics.Metrics    : Metrics reporters closed
2026-09-17T16:40:35.444+03:00  INFO [,] 77122 --- [lending-application-service] [           main] o.a.kafka.common.utils.AppInfoParser     : App info kafka.consumer for consumer-it-406b8ce3-9ab9-414d-8453-dc8eef72066d-1 unregistered
]]></system-out>
    <system-err><![CDATA[Sep 17, 2026 4:40:19 PM org.junit.platform.launcher.core.LauncherConfigurationParameters loadClasspathResource
WARNING: Discovered 2 'junit-platform.properties' configuration files in the classpath; only the first will be used.
Sep 17, 2026 4:40:19 PM org.junit.platform.launcher.core.LauncherConfigurationParameters loadClasspathResource
WARNING: Discovered 2 'junit-platform.properties' configuration files in the classpath; only the first will be used.
Sep 17, 2026 4:40:19 PM org.junit.platform.launcher.core.LauncherConfigurationParameters loadClasspathResource
WARNING: Discovered 2 'junit-platform.properties' configuration files in the classpath; only the first will be used.
WARNING: A Java agent has been loaded dynamically (/Users/sergejacmennikov/.m2/repository/net/bytebuddy/byte-buddy-agent/1.14.19/byte-buddy-agent-1.14.19.jar)
WARNING: If a serviceability tool is in use, please run with -XX:+EnableDynamicAgentLoading to hide this warning
WARNING: If a serviceability tool is not in use, please run with -Djdk.instrument.traceUsage for more information
WARNING: Dynamic loading of agents will be disallowed by default in a future release
]]></system-err>
  </testcase>
  <testcase name="blocksLimit_persistsState_andPublishesEventToKafka" classname="com.example.tasklist.lending.application.LendingApplicationServiceIT" time="10.666">
    <system-out><![CDATA[2026-09-17T16:40:35.455+03:00  INFO [,] 77122 --- [lending-application-service] [           main] o.a.k.clients.consumer.ConsumerConfig    : ConsumerConfig values: 
	allow.auto.create.topics = true
	auto.commit.interval.ms = 5000
	auto.include.jmx.reporter = true
	auto.offset.reset = earliest
	bootstrap.servers = [PLAINTEXT://localhost:63210]
	check.crcs = true
	client.dns.lookup = use_all_dns_ips
	client.id = consumer-it-813ad55c-ed9a-429d-8128-090a6c796e82-2
	client.rack = 
	connections.max.idle.ms = 540000
	default.api.timeout.ms = 60000
	enable.auto.commit = true
	enable.metrics.push = true
	exclude.internal.topics = true
	fetch.max.bytes = 52428800
	fetch.max.wait.ms = 500
	fetch.min.bytes = 1
	group.id = it-813ad55c-ed9a-429d-8128-090a6c796e82
	group.instance.id = null
	group.protocol = classic
	group.remote.assignor = null
	heartbeat.interval.ms = 3000
	interceptor.classes = []
	internal.leave.group.on.close = true
	internal.throw.on.fetch.stable.offset.unsupported = false
	isolation.level = read_uncommitted
	key.deserializer = class org.apache.kafka.common.serialization.StringDeserializer
	max.partition.fetch.bytes = 1048576
	max.poll.interval.ms = 300000
	max.poll.records = 500
	metadata.max.age.ms = 300000
	metric.reporters = []
	metrics.num.samples = 2
	metrics.recording.level = INFO
	metrics.sample.window.ms = 30000
	partition.assignment.strategy = [class org.apache.kafka.clients.consumer.RangeAssignor, class org.apache.kafka.clients.consumer.CooperativeStickyAssignor]
	receive.buffer.bytes = 65536
	reconnect.backoff.max.ms = 1000
	reconnect.backoff.ms = 50
	request.timeout.ms = 30000
	retry.backoff.max.ms = 1000
	retry.backoff.ms = 100
	sasl.client.callback.handler.class = null
	sasl.jaas.config = null
	sasl.kerberos.kinit.cmd = /usr/bin/kinit
	sasl.kerberos.min.time.before.relogin = 60000
	sasl.kerberos.service.name = null
	sasl.kerberos.ticket.renew.jitter = 0.05
	sasl.kerberos.ticket.renew.window.factor = 0.8
	sasl.login.callback.handler.class = null
	sasl.login.class = null
	sasl.login.connect.timeout.ms = null
	sasl.login.read.timeout.ms = null
	sasl.login.refresh.buffer.seconds = 300
	sasl.login.refresh.min.period.seconds = 60
	sasl.login.refresh.window.factor = 0.8
	sasl.login.refresh.window.jitter = 0.05
	sasl.login.retry.backoff.max.ms = 10000
	sasl.login.retry.backoff.ms = 100
	sasl.mechanism = GSSAPI
	sasl.oauthbearer.clock.skew.seconds = 30
	sasl.oauthbearer.expected.audience = null
	sasl.oauthbearer.expected.issuer = null
	sasl.oauthbearer.jwks.endpoint.refresh.ms = 3600000
	sasl.oauthbearer.jwks.endpoint.retry.backoff.max.ms = 10000
	sasl.oauthbearer.jwks.endpoint.retry.backoff.ms = 100
	sasl.oauthbearer.jwks.endpoint.url = null
	sasl.oauthbearer.scope.claim.name = scope
	sasl.oauthbearer.sub.claim.name = sub
	sasl.oauthbearer.token.endpoint.url = null
	security.protocol = PLAINTEXT
	security.providers = null
	send.buffer.bytes = 131072
	session.timeout.ms = 45000
	socket.connection.setup.timeout.max.ms = 30000
	socket.connection.setup.timeout.ms = 10000
	ssl.cipher.suites = null
	ssl.enabled.protocols = [TLSv1.2, TLSv1.3]
	ssl.endpoint.identification.algorithm = https
	ssl.engine.factory.class = null
	ssl.key.password = null
	ssl.keymanager.algorithm = SunX509
	ssl.keystore.certificate.chain = null
	ssl.keystore.key = null
	ssl.keystore.location = null
	ssl.keystore.password = null
	ssl.keystore.type = JKS
	ssl.protocol = TLSv1.3
	ssl.provider = null
	ssl.secure.random.implementation = null
	ssl.trustmanager.algorithm = PKIX
	ssl.truststore.certificates = null
	ssl.truststore.location = null
	ssl.truststore.password = null
	ssl.truststore.type = JKS
	value.deserializer = class org.apache.kafka.common.serialization.StringDeserializer

2026-09-17T16:40:35.455+03:00  INFO [,] 77122 --- [lending-application-service] [           main] o.a.k.c.t.i.KafkaMetricsCollector        : initializing Kafka metrics collector
2026-09-17T16:40:35.458+03:00  INFO [,] 77122 --- [lending-application-service] [           main] o.a.kafka.common.utils.AppInfoParser     : Kafka version: 3.7.1
2026-09-17T16:40:35.458+03:00  INFO [,] 77122 --- [lending-application-service] [           main] o.a.kafka.common.utils.AppInfoParser     : Kafka commitId: e2494e6ffb89f828
2026-09-17T16:40:35.458+03:00  INFO [,] 77122 --- [lending-application-service] [           main] o.a.kafka.common.utils.AppInfoParser     : Kafka startTimeMs: 1789652435458
2026-09-17T16:40:35.458+03:00  INFO [,] 77122 --- [lending-application-service] [           main] o.a.k.c.c.internals.LegacyKafkaConsumer  : [Consumer clientId=consumer-it-813ad55c-ed9a-429d-8128-090a6c796e82-2, groupId=it-813ad55c-ed9a-429d-8128-090a6c796e82] Subscribed to topic(s): application-limit-blocked
2026-09-17T16:40:35.473+03:00  INFO [,] 77122 --- [lending-application-service] [           main] org.apache.kafka.clients.Metadata        : [Consumer clientId=consumer-it-813ad55c-ed9a-429d-8128-090a6c796e82-2, groupId=it-813ad55c-ed9a-429d-8128-090a6c796e82] Cluster ID: qZLdVUPWRGaBVDHz-m0mtg
2026-09-17T16:40:35.473+03:00  INFO [,] 77122 --- [lending-application-service] [           main] o.a.k.c.c.internals.ConsumerCoordinator  : [Consumer clientId=consumer-it-813ad55c-ed9a-429d-8128-090a6c796e82-2, groupId=it-813ad55c-ed9a-429d-8128-090a6c796e82] Discovered group coordinator localhost:63210 (id: 2147483646 rack: null)
2026-09-17T16:40:35.474+03:00  INFO [,] 77122 --- [lending-application-service] [           main] o.a.k.c.c.internals.ConsumerCoordinator  : [Consumer clientId=consumer-it-813ad55c-ed9a-429d-8128-090a6c796e82-2, groupId=it-813ad55c-ed9a-429d-8128-090a6c796e82] (Re-)joining group
2026-09-17T16:40:35.476+03:00  INFO [,] 77122 --- [lending-application-service] [           main] o.a.k.c.c.internals.ConsumerCoordinator  : [Consumer clientId=consumer-it-813ad55c-ed9a-429d-8128-090a6c796e82-2, groupId=it-813ad55c-ed9a-429d-8128-090a6c796e82] Request joining group due to: need to re-join with the given member-id: consumer-it-813ad55c-ed9a-429d-8128-090a6c796e82-2-d688201f-379a-4b5c-9455-40df3fa53d9f
2026-09-17T16:40:35.477+03:00  INFO [,] 77122 --- [lending-application-service] [           main] o.a.k.c.c.internals.ConsumerCoordinator  : [Consumer clientId=consumer-it-813ad55c-ed9a-429d-8128-090a6c796e82-2, groupId=it-813ad55c-ed9a-429d-8128-090a6c796e82] (Re-)joining group
2026-09-17T16:40:35.481+03:00  INFO [,] 77122 --- [lending-application-service] [           main] o.a.k.c.c.internals.ConsumerCoordinator  : [Consumer clientId=consumer-it-813ad55c-ed9a-429d-8128-090a6c796e82-2, groupId=it-813ad55c-ed9a-429d-8128-090a6c796e82] Successfully joined group with generation Generation{generationId=1, memberId='consumer-it-813ad55c-ed9a-429d-8128-090a6c796e82-2-d688201f-379a-4b5c-9455-40df3fa53d9f', protocol='range'}
2026-09-17T16:40:35.481+03:00  INFO [,] 77122 --- [lending-application-service] [           main] o.a.k.c.c.internals.ConsumerCoordinator  : [Consumer clientId=consumer-it-813ad55c-ed9a-429d-8128-090a6c796e82-2, groupId=it-813ad55c-ed9a-429d-8128-090a6c796e82] Finished assignment for group at generation 1: {consumer-it-813ad55c-ed9a-429d-8128-090a6c796e82-2-d688201f-379a-4b5c-9455-40df3fa53d9f=Assignment(partitions=[application-limit-blocked-0])}
2026-09-17T16:40:35.485+03:00  INFO [,] 77122 --- [lending-application-service] [           main] o.a.k.c.c.internals.ConsumerCoordinator  : [Consumer clientId=consumer-it-813ad55c-ed9a-429d-8128-090a6c796e82-2, groupId=it-813ad55c-ed9a-429d-8128-090a6c796e82] Successfully synced group in generation Generation{generationId=1, memberId='consumer-it-813ad55c-ed9a-429d-8128-090a6c796e82-2-d688201f-379a-4b5c-9455-40df3fa53d9f', protocol='range'}
2026-09-17T16:40:35.485+03:00  INFO [,] 77122 --- [lending-application-service] [           main] o.a.k.c.c.internals.ConsumerCoordinator  : [Consumer clientId=consumer-it-813ad55c-ed9a-429d-8128-090a6c796e82-2, groupId=it-813ad55c-ed9a-429d-8128-090a6c796e82] Notifying assignor about the new Assignment(partitions=[application-limit-blocked-0])
2026-09-17T16:40:35.485+03:00  INFO [,] 77122 --- [lending-application-service] [           main] k.c.c.i.ConsumerRebalanceListenerInvoker : [Consumer clientId=consumer-it-813ad55c-ed9a-429d-8128-090a6c796e82-2, groupId=it-813ad55c-ed9a-429d-8128-090a6c796e82] Adding newly assigned partitions: application-limit-blocked-0
2026-09-17T16:40:35.486+03:00  INFO [,] 77122 --- [lending-application-service] [           main] o.a.k.c.c.internals.ConsumerCoordinator  : [Consumer clientId=consumer-it-813ad55c-ed9a-429d-8128-090a6c796e82-2, groupId=it-813ad55c-ed9a-429d-8128-090a6c796e82] Found no committed offset for partition application-limit-blocked-0
2026-09-17T16:40:35.489+03:00  INFO [,] 77122 --- [lending-application-service] [           main] o.a.k.c.c.internals.SubscriptionState    : [Consumer clientId=consumer-it-813ad55c-ed9a-429d-8128-090a6c796e82-2, groupId=it-813ad55c-ed9a-429d-8128-090a6c796e82] Resetting offset for partition application-limit-blocked-0 to position FetchPosition{offset=0, offsetEpoch=Optional.empty, currentLeader=LeaderAndEpoch{leader=Optional[localhost:63210 (id: 1 rack: null)], epoch=0}}.
2026-09-17T16:40:45.624+03:00  INFO [,] 77122 --- [lending-application-service] [           main] k.c.c.i.ConsumerRebalanceListenerInvoker : [Consumer clientId=consumer-it-813ad55c-ed9a-429d-8128-090a6c796e82-2, groupId=it-813ad55c-ed9a-429d-8128-090a6c796e82] Revoke previously assigned partitions application-limit-blocked-0
2026-09-17T16:40:45.624+03:00  INFO [,] 77122 --- [lending-application-service] [           main] o.a.k.c.c.internals.ConsumerCoordinator  : [Consumer clientId=consumer-it-813ad55c-ed9a-429d-8128-090a6c796e82-2, groupId=it-813ad55c-ed9a-429d-8128-090a6c796e82] Member consumer-it-813ad55c-ed9a-429d-8128-090a6c796e82-2-d688201f-379a-4b5c-9455-40df3fa53d9f sending LeaveGroup request to coordinator localhost:63210 (id: 2147483646 rack: null) due to the consumer is being closed
2026-09-17T16:40:45.624+03:00  INFO [,] 77122 --- [lending-application-service] [           main] o.a.k.c.c.internals.ConsumerCoordinator  : [Consumer clientId=consumer-it-813ad55c-ed9a-429d-8128-090a6c796e82-2, groupId=it-813ad55c-ed9a-429d-8128-090a6c796e82] Resetting generation and member id due to: consumer pro-actively leaving the group
2026-09-17T16:40:45.624+03:00  INFO [,] 77122 --- [lending-application-service] [           main] o.a.k.c.c.internals.ConsumerCoordinator  : [Consumer clientId=consumer-it-813ad55c-ed9a-429d-8128-090a6c796e82-2, groupId=it-813ad55c-ed9a-429d-8128-090a6c796e82] Request joining group due to: consumer pro-actively leaving the group
2026-09-17T16:40:46.112+03:00  INFO [,] 77122 --- [lending-application-service] [           main] o.apache.kafka.common.metrics.Metrics    : Metrics scheduler closed
2026-09-17T16:40:46.113+03:00  INFO [,] 77122 --- [lending-application-service] [           main] o.apache.kafka.common.metrics.Metrics    : Closing reporter org.apache.kafka.common.metrics.JmxReporter
2026-09-17T16:40:46.113+03:00  INFO [,] 77122 --- [lending-application-service] [           main] o.apache.kafka.common.metrics.Metrics    : Closing reporter org.apache.kafka.common.telemetry.internals.ClientTelemetryReporter
2026-09-17T16:40:46.113+03:00  INFO [,] 77122 --- [lending-application-service] [           main] o.apache.kafka.common.metrics.Metrics    : Metrics reporters closed
2026-09-17T16:40:46.117+03:00  INFO [,] 77122 --- [lending-application-service] [           main] o.a.kafka.common.utils.AppInfoParser     : App info kafka.consumer for consumer-it-813ad55c-ed9a-429d-8128-090a6c796e82-2 unregistered
]]></system-out>
  </testcase>
</testsuite>