<?xml version="1.0" encoding="UTF-8"?>
<testsuite xmlns:xsi="http://www.w3.org/2001/XMLSchema-instance" xsi:noNamespaceSchemaLocation="https://maven.apache.org/surefire/maven-failsafe-plugin/xsd/failsafe-test-report-3.0.xsd" version="3.0" name="com.example.tasklist.lending.application.LendingApplicationServiceIT" time="26.595" tests="2" errors="0" skipped="0" failures="0">
  <properties>
[...]
</properties>
  <testcase name="concurrentCalls_blockExactlyOnce" classname="com.example.tasklist.lending.application.LendingApplicationServiceIT" time="10.361">
    <system-out><![CDATA[16:31:51.660 [main] INFO org.testcontainers.images.PullPolicy -- Image pull policy will be performed by: DefaultPullPolicy()
16:31:51.662 [main] INFO org.testcontainers.utility.ImageNameSubstitutor -- Image name substitution will be performed by: DefaultImageNameSubstitutor (composite of 'ConfigurationFileImageNameSubstitutor' and 'PrefixingImageNameSubstitutor')
16:31:51.757 [main] INFO org.testcontainers.dockerclient.DockerClientProviderStrategy -- Loaded org.testcontainers.dockerclient.UnixSocketClientProviderStrategy from ~/.testcontainers.properties, will try it first
16:31:51.855 [main] INFO org.testcontainers.dockerclient.DockerClientProviderStrategy -- Found Docker environment with local Unix socket (unix:///var/run/docker.sock)
16:31:51.856 [main] INFO org.testcontainers.DockerClientFactory -- Docker host IP address is localhost
16:31:51.867 [main] INFO org.testcontainers.DockerClientFactory -- Connected to docker: 
  Server Version: 29.8.0
  API Version: 1.56
  Operating System: Docker Desktop
  Total Memory: 7833 MB
16:31:51.886 [main] INFO tc.testcontainers/ryuk:0.7.0 -- Creating container for image: testcontainers/ryuk:0.7.0
16:31:52.028 [main] INFO tc.testcontainers/ryuk:0.7.0 -- Container testcontainers/ryuk:0.7.0 is starting: 175849bf611342d89649b6c0e252ef6542faf16f127b25c92a6e498297a5f8d7
16:31:52.129 [main] INFO tc.testcontainers/ryuk:0.7.0 -- Container testcontainers/ryuk:0.7.0 started in PT0.243371S
16:31:52.133 [main] INFO org.testcontainers.utility.RyukResourceReaper -- Ryuk started - will monitor and terminate Testcontainers containers on JVM exit
16:31:52.134 [main] INFO org.testcontainers.DockerClientFactory -- Checking the system...
16:31:52.134 [main] INFO org.testcontainers.DockerClientFactory -- ✔︎ Docker server version should be at least 1.6.0
16:31:52.188 [main] INFO tc.confluentinc/cp-kafka:7.6.0 -- Creating container for image: confluentinc/cp-kafka:7.6.0
16:31:52.208 [main] INFO tc.confluentinc/cp-kafka:7.6.0 -- Container confluentinc/cp-kafka:7.6.0 is starting: a8ca868e7f447cb9a1f3f42cb426840d80107547dbbb8d4b9bfce2be18f5443e
16:31:54.344 [main] INFO tc.confluentinc/cp-kafka:7.6.0 -- Container confluentinc/cp-kafka:7.6.0 started in PT2.156312S
16:31:54.345 [main] INFO tc.postgres:16-alpine -- Creating container for image: postgres:16-alpine
16:31:54.363 [main] INFO tc.postgres:16-alpine -- Container postgres:16-alpine is starting: 112f8ef438d00f1a14edcb1022be64deca61f8b38d84c0e6767386e6d4835a0a
16:31:55.076 [main] INFO tc.postgres:16-alpine -- Container postgres:16-alpine started in PT0.731271S
16:31:55.077 [main] INFO tc.postgres:16-alpine -- Container is started (JDBC URL: jdbc:postgresql://localhost:63032/test?loggerLevel=OFF)

  .   ____          _            __ _ _
 /\\ / ___'_ __ _ _(_)_ __  __ _ \ \ \ \
( ( )\___ | '_ | '_| | '_ \/ _` | \ \ \ \
 \\/  ___)| |_)| | | | | || (_| |  ) ) ) )
  '  |____| .__|_| |_|_| |_\__, | / / / /
 =========|_|==============|___/=/_/_/_/

 :: Spring Boot ::                (v3.3.4)

2026-09-17T16:31:55.209+03:00  INFO [,] 76459 --- [lending-application-service] [           main] c.e.t.l.a.LendingApplicationServiceIT    : Starting LendingApplicationServiceIT using Java 25.0.1 with PID 76459 (started by sergejacmennikov in /Users/sergejacmennikov/Desktop/projects/tasks_list/lending-application-service)
2026-09-17T16:31:55.210+03:00  INFO [,] 76459 --- [lending-application-service] [           main] c.e.t.l.a.LendingApplicationServiceIT    : No active profile set, falling back to 1 default profile: "default"
2026-09-17T16:31:56.384+03:00  INFO [,] 76459 --- [lending-application-service] [           main] org.flywaydb.core.FlywayExecutor         : Database: jdbc:postgresql://localhost:63032/test (PostgreSQL 16.13)
2026-09-17T16:31:56.398+03:00  INFO [,] 76459 --- [lending-application-service] [           main] o.f.c.i.s.JdbcTableSchemaHistory         : Schema history table "public"."flyway_schema_history" does not exist yet
2026-09-17T16:31:56.399+03:00  INFO [,] 76459 --- [lending-application-service] [           main] o.f.core.internal.command.DbValidate     : Successfully validated 1 migration (execution time 00:00.006s)
2026-09-17T16:31:56.406+03:00  INFO [,] 76459 --- [lending-application-service] [           main] o.f.c.i.s.JdbcTableSchemaHistory         : Creating Schema History table "public"."flyway_schema_history" ...
2026-09-17T16:31:56.430+03:00  INFO [,] 76459 --- [lending-application-service] [           main] o.f.core.internal.command.DbMigrate      : Current version of schema "public": << Empty Schema >>
2026-09-17T16:31:56.433+03:00  INFO [,] 76459 --- [lending-application-service] [           main] o.f.core.internal.command.DbMigrate      : Migrating schema "public" to version "1 - init"
2026-09-17T16:31:56.449+03:00  INFO [,] 76459 --- [lending-application-service] [           main] o.f.core.internal.command.DbMigrate      : Successfully applied 1 migration to schema "public", now at version v1 (execution time 00:00.008s)
2026-09-17T16:31:57.286+03:00  INFO [,] 76459 --- [lending-application-service] [           main] o.s.b.t.m.w.SpringBootMockServletContext : Initializing Spring TestDispatcherServlet ''
2026-09-17T16:31:57.286+03:00  INFO [,] 76459 --- [lending-application-service] [           main] o.s.t.web.servlet.TestDispatcherServlet  : Initializing Servlet ''
2026-09-17T16:31:57.291+03:00  INFO [,] 76459 --- [lending-application-service] [           main] o.s.b.a.e.web.EndpointLinksResolver      : Exposing 3 endpoints beneath base path '/actuator'
2026-09-17T16:31:57.299+03:00  INFO [,] 76459 --- [lending-application-service] [           main] o.s.t.web.servlet.TestDispatcherServlet  : Completed initialization in 13 ms
2026-09-17T16:31:57.327+03:00  INFO [,] 76459 --- [lending-application-service] [           main] c.e.t.l.a.LendingApplicationServiceIT    : Started LendingApplicationServiceIT in 2.224 seconds (process running for 5.939)
2026-09-17T16:31:57.330+03:00  INFO [,] 76459 --- [lending-application-service] [   scheduling-1] com.zaxxer.hikari.HikariDataSource       : HikariPool-1 - Starting...
2026-09-17T16:31:57.349+03:00  INFO [,] 76459 --- [lending-application-service] [   scheduling-1] com.zaxxer.hikari.pool.HikariPool        : HikariPool-1 - Added connection org.postgresql.jdbc.PgConnection@56bf11b
2026-09-17T16:31:57.350+03:00  INFO [,] 76459 --- [lending-application-service] [   scheduling-1] com.zaxxer.hikari.HikariDataSource       : HikariPool-1 - Start completed.
2026-09-17T16:31:57.379+03:00  INFO [,] 76459 --- [lending-application-service] [           main] o.a.k.clients.consumer.ConsumerConfig    : ConsumerConfig values: 
	allow.auto.create.topics = true
	auto.commit.interval.ms = 5000
	auto.include.jmx.reporter = true
	auto.offset.reset = earliest
	bootstrap.servers = [PLAINTEXT://localhost:63019]
	check.crcs = true
	client.dns.lookup = use_all_dns_ips
	client.id = consumer-it-88783199-d731-4201-b043-5f0ba01721b9-1
	client.rack = 
	connections.max.idle.ms = 540000
	default.api.timeout.ms = 60000
	enable.auto.commit = true
	enable.metrics.push = true
	exclude.internal.topics = true
	fetch.max.bytes = 52428800
	fetch.max.wait.ms = 500
	fetch.min.bytes = 1
	group.id = it-88783199-d731-4201-b043-5f0ba01721b9
	group.instance.id = null
	group.protocol = classic
	group.remote.assignor = null
	heartbeat.interval.ms = 3000
	interceptor.classes = []
	internal.leave.group.on.close = true
	internal.throw.on.fetch.stable.offset.unsupported = false
	isolation.level = read_uncommitted
	key.deserializer = class org.apache.kafka.common.serialization.StringDeserializer
	max.partition.fetch.bytes = 1048576
	max.poll.interval.ms = 300000
	max.poll.records = 500
	metadata.max.age.ms = 300000
	metric.reporters = []
	metrics.num.samples = 2
	metrics.recording.level = INFO
	metrics.sample.window.ms = 30000
	partition.assignment.strategy = [class org.apache.kafka.clients.consumer.RangeAssignor, class org.apache.kafka.clients.consumer.CooperativeStickyAssignor]
	receive.buffer.bytes = 65536
	reconnect.backoff.max.ms = 1000
	reconnect.backoff.ms = 50
	request.timeout.ms = 30000
	retry.backoff.max.ms = 1000
	retry.backoff.ms = 100
	sasl.client.callback.handler.class = null
	sasl.jaas.config = null
	sasl.kerberos.kinit.cmd = /usr/bin/kinit
	sasl.kerberos.min.time.before.relogin = 60000
	sasl.kerberos.service.name = null
	sasl.kerberos.ticket.renew.jitter = 0.05
	sasl.kerberos.ticket.renew.window.factor = 0.8
	sasl.login.callback.handler.class = null
	sasl.login.class = null
	sasl.login.connect.timeout.ms = null
	sasl.login.read.timeout.ms = null
	sasl.login.refresh.buffer.seconds = 300
	sasl.login.refresh.min.period.seconds = 60
	sasl.login.refresh.window.factor = 0.8
	sasl.login.refresh.window.jitter = 0.05
	sasl.login.retry.backoff.max.ms = 10000
	sasl.login.retry.backoff.ms = 100
	sasl.mechanism = GSSAPI
	sasl.oauthbearer.clock.skew.seconds = 30
	sasl.oauthbearer.expected.audience = null
	sasl.oauthbearer.expected.issuer = null
	sasl.oauthbearer.jwks.endpoint.refresh.ms = 3600000
	sasl.oauthbearer.jwks.endpoint.retry.backoff.max.ms = 10000
	sasl.oauthbearer.jwks.endpoint.retry.backoff.ms = 100
	sasl.oauthbearer.jwks.endpoint.url = null
	sasl.oauthbearer.scope.claim.name = scope
	sasl.oauthbearer.sub.claim.name = sub
	sasl.oauthbearer.token.endpoint.url = null
	security.protocol = PLAINTEXT
	security.providers = null
	send.buffer.bytes = 131072
	session.timeout.ms = 45000
	socket.connection.setup.timeout.max.ms = 30000
	socket.connection.setup.timeout.ms = 10000
	ssl.cipher.suites = null
	ssl.enabled.protocols = [TLSv1.2, TLSv1.3]
	ssl.endpoint.identification.algorithm = https
	ssl.engine.factory.class = null
	ssl.key.password = null
	ssl.keymanager.algorithm = SunX509
	ssl.keystore.certificate.chain = null
	ssl.keystore.key = null
	ssl.keystore.location = null
	ssl.keystore.password = null
	ssl.keystore.type = JKS
	ssl.protocol = TLSv1.3
	ssl.provider = null
	ssl.secure.random.implementation = null
	ssl.trustmanager.algorithm = PKIX
	ssl.truststore.certificates = null
	ssl.truststore.location = null
	ssl.truststore.password = null
	ssl.truststore.type = JKS
	value.deserializer = class org.apache.kafka.common.serialization.StringDeserializer

2026-09-17T16:31:57.395+03:00  INFO [,] 76459 --- [lending-application-service] [           main] o.a.k.c.t.i.KafkaMetricsCollector        : initializing Kafka metrics collector
2026-09-17T16:31:57.424+03:00  INFO [,] 76459 --- [lending-application-service] [           main] o.a.kafka.common.utils.AppInfoParser     : Kafka version: 3.7.1
2026-09-17T16:31:57.424+03:00  INFO [,] 76459 --- [lending-application-service] [           main] o.a.kafka.common.utils.AppInfoParser     : Kafka commitId: e2494e6ffb89f828
2026-09-17T16:31:57.424+03:00  INFO [,] 76459 --- [lending-application-service] [           main] o.a.kafka.common.utils.AppInfoParser     : Kafka startTimeMs: 1789651917424
2026-09-17T16:31:57.425+03:00  INFO [,] 76459 --- [lending-application-service] [           main] o.a.k.c.c.internals.LegacyKafkaConsumer  : [Consumer clientId=consumer-it-88783199-d731-4201-b043-5f0ba01721b9-1, groupId=it-88783199-d731-4201-b043-5f0ba01721b9] Subscribed to topic(s): application-limit-blocked
2026-09-17T16:31:57.468+03:00  INFO [a0bfab02-dae4-454b-ac4d-53467561ae31,719fc23f-d4f4-4548-a9f3-59e991e64d0f] 76459 --- [lending-application-service] [pool-4-thread-4] c.e.t.l.a.service.LenderService          : Application 719fc23f-d4f4-4548-a9f3-59e991e64d0f was already transitioned by a concurrent call; lender block block-race is idempotent, nothing to persist
2026-09-17T16:31:57.468+03:00  INFO [d41a2e2d-27ce-4e1c-86c9-2cdf67e66c38,719fc23f-d4f4-4548-a9f3-59e991e64d0f] 76459 --- [lending-application-service] [pool-4-thread-1] c.e.t.l.a.service.LenderService          : Application 719fc23f-d4f4-4548-a9f3-59e991e64d0f was already transitioned by a concurrent call; lender block block-race is idempotent, nothing to persist
2026-09-17T16:31:57.469+03:00  INFO [c03521ab-a7bd-48e7-81fc-45c7b757c4df,719fc23f-d4f4-4548-a9f3-59e991e64d0f] 76459 --- [lending-application-service] [pool-4-thread-3] c.e.t.l.a.service.LenderService          : Application 719fc23f-d4f4-4548-a9f3-59e991e64d0f was already transitioned by a concurrent call; lender block block-race is idempotent, nothing to persist
2026-09-17T16:31:57.619+03:00  WARN [,] 76459 --- [lending-application-service] [           main] org.apache.kafka.clients.NetworkClient   : [Consumer clientId=consumer-it-88783199-d731-4201-b043-5f0ba01721b9-1, groupId=it-88783199-d731-4201-b043-5f0ba01721b9] Error while fetching metadata with correlation id 2 : {application-limit-blocked=LEADER_NOT_AVAILABLE}
2026-09-17T16:31:57.619+03:00  INFO [,] 76459 --- [lending-application-service] [           main] org.apache.kafka.clients.Metadata        : [Consumer clientId=consumer-it-88783199-d731-4201-b043-5f0ba01721b9-1, groupId=it-88783199-d731-4201-b043-5f0ba01721b9] Cluster ID: Gy9EraUzTa2FSjik7KqPHg
2026-09-17T16:31:57.753+03:00  INFO [,] 76459 --- [lending-application-service] [           main] o.a.k.c.c.internals.ConsumerCoordinator  : [Consumer clientId=consumer-it-88783199-d731-4201-b043-5f0ba01721b9-1, groupId=it-88783199-d731-4201-b043-5f0ba01721b9] Discovered group coordinator localhost:63019 (id: 2147483646 rack: null)
2026-09-17T16:31:57.756+03:00  INFO [,] 76459 --- [lending-application-service] [           main] o.a.k.c.c.internals.ConsumerCoordinator  : [Consumer clientId=consumer-it-88783199-d731-4201-b043-5f0ba01721b9-1, groupId=it-88783199-d731-4201-b043-5f0ba01721b9] (Re-)joining group
2026-09-17T16:31:57.766+03:00  INFO [,] 76459 --- [lending-application-service] [           main] o.a.k.c.c.internals.ConsumerCoordinator  : [Consumer clientId=consumer-it-88783199-d731-4201-b043-5f0ba01721b9-1, groupId=it-88783199-d731-4201-b043-5f0ba01721b9] Request joining group due to: need to re-join with the given member-id: consumer-it-88783199-d731-4201-b043-5f0ba01721b9-1-ec1eab9d-2c44-4e60-bd34-5c2710254e39
2026-09-17T16:31:57.766+03:00  INFO [,] 76459 --- [lending-application-service] [           main] o.a.k.c.c.internals.ConsumerCoordinator  : [Consumer clientId=consumer-it-88783199-d731-4201-b043-5f0ba01721b9-1, groupId=it-88783199-d731-4201-b043-5f0ba01721b9] (Re-)joining group
2026-09-17T16:31:57.774+03:00  INFO [,] 76459 --- [lending-application-service] [           main] o.a.k.c.c.internals.ConsumerCoordinator  : [Consumer clientId=consumer-it-88783199-d731-4201-b043-5f0ba01721b9-1, groupId=it-88783199-d731-4201-b043-5f0ba01721b9] Successfully joined group with generation Generation{generationId=1, memberId='consumer-it-88783199-d731-4201-b043-5f0ba01721b9-1-ec1eab9d-2c44-4e60-bd34-5c2710254e39', protocol='range'}
2026-09-17T16:31:57.776+03:00  INFO [,] 76459 --- [lending-application-service] [           main] o.a.k.c.c.internals.ConsumerCoordinator  : [Consumer clientId=consumer-it-88783199-d731-4201-b043-5f0ba01721b9-1, groupId=it-88783199-d731-4201-b043-5f0ba01721b9] Finished assignment for group at generation 1: {consumer-it-88783199-d731-4201-b043-5f0ba01721b9-1-ec1eab9d-2c44-4e60-bd34-5c2710254e39=Assignment(partitions=[application-limit-blocked-0])}
2026-09-17T16:31:57.797+03:00  INFO [,] 76459 --- [lending-application-service] [           main] o.a.k.c.c.internals.ConsumerCoordinator  : [Consumer clientId=consumer-it-88783199-d731-4201-b043-5f0ba01721b9-1, groupId=it-88783199-d731-4201-b043-5f0ba01721b9] Successfully synced group in generation Generation{generationId=1, memberId='consumer-it-88783199-d731-4201-b043-5f0ba01721b9-1-ec1eab9d-2c44-4e60-bd34-5c2710254e39', protocol='range'}
2026-09-17T16:31:57.797+03:00  INFO [,] 76459 --- [lending-application-service] [           main] o.a.k.c.c.internals.ConsumerCoordinator  : [Consumer clientId=consumer-it-88783199-d731-4201-b043-5f0ba01721b9-1, groupId=it-88783199-d731-4201-b043-5f0ba01721b9] Notifying assignor about the new Assignment(partitions=[application-limit-blocked-0])
2026-09-17T16:31:57.798+03:00  INFO [,] 76459 --- [lending-application-service] [           main] k.c.c.i.ConsumerRebalanceListenerInvoker : [Consumer clientId=consumer-it-88783199-d731-4201-b043-5f0ba01721b9-1, groupId=it-88783199-d731-4201-b043-5f0ba01721b9] Adding newly assigned partitions: application-limit-blocked-0
2026-09-17T16:31:57.804+03:00  INFO [,] 76459 --- [lending-application-service] [           main] o.a.k.c.c.internals.ConsumerCoordinator  : [Consumer clientId=consumer-it-88783199-d731-4201-b043-5f0ba01721b9-1, groupId=it-88783199-d731-4201-b043-5f0ba01721b9] Found no committed offset for partition application-limit-blocked-0
2026-09-17T16:31:57.811+03:00  INFO [,] 76459 --- [lending-application-service] [           main] o.a.k.c.c.internals.SubscriptionState    : [Consumer clientId=consumer-it-88783199-d731-4201-b043-5f0ba01721b9-1, groupId=it-88783199-d731-4201-b043-5f0ba01721b9] Resetting offset for partition application-limit-blocked-0 to position FetchPosition{offset=0, offsetEpoch=Optional.empty, currentLeader=LeaderAndEpoch{leader=Optional[localhost:63019 (id: 1 rack: null)], epoch=0}}.
2026-09-17T16:31:57.874+03:00  INFO [,719fc23f-d4f4-4548-a9f3-59e991e64d0f] 76459 --- [lending-application-service] [   scheduling-1] o.a.k.clients.producer.ProducerConfig    : ProducerConfig values: 
	acks = -1
	auto.include.jmx.reporter = true
	batch.size = 16384
	bootstrap.servers = [PLAINTEXT://localhost:63019]
	buffer.memory = 33554432
	client.dns.lookup = use_all_dns_ips
	client.id = lending-application-service-producer-1
	compression.type = none
	connections.max.idle.ms = 540000
	delivery.timeout.ms = 120000
	enable.idempotence = true
	enable.metrics.push = true
	interceptor.classes = []
	key.serializer = class org.apache.kafka.common.serialization.StringSerializer
	linger.ms = 0
	max.block.ms = 3000
	max.in.flight.requests.per.connection = 5
	max.request.size = 1048576
	metadata.max.age.ms = 300000
	metadata.max.idle.ms = 300000
	metric.reporters = []
	metrics.num.samples = 2
	metrics.recording.level = INFO
	metrics.sample.window.ms = 30000
	partitioner.adaptive.partitioning.enable = true
	partitioner.availability.timeout.ms = 0
	partitioner.class = null
	partitioner.ignore.keys = false
	receive.buffer.bytes = 32768
	reconnect.backoff.max.ms = 1000
	reconnect.backoff.ms = 50
	request.timeout.ms = 30000
	retries = 5
	retry.backoff.max.ms = 1000
	retry.backoff.ms = 100
	sasl.client.callback.handler.class = null
	sasl.jaas.config = null
	sasl.kerberos.kinit.cmd = /usr/bin/kinit
	sasl.kerberos.min.time.before.relogin = 60000
	sasl.kerberos.service.name = null
	sasl.kerberos.ticket.renew.jitter = 0.05
	sasl.kerberos.ticket.renew.window.factor = 0.8
	sasl.login.callback.handler.class = null
	sasl.login.class = null
	sasl.login.connect.timeout.ms = null
	sasl.login.read.timeout.ms = null
	sasl.login.refresh.buffer.seconds = 300
	sasl.login.refresh.min.period.seconds = 60
	sasl.login.refresh.window.factor = 0.8
	sasl.login.refresh.window.jitter = 0.05
	sasl.login.retry.backoff.max.ms = 10000
	sasl.login.retry.backoff.ms = 100
	sasl.mechanism = GSSAPI
	sasl.oauthbearer.clock.skew.seconds = 30
	sasl.oauthbearer.expected.audience = null
	sasl.oauthbearer.expected.issuer = null
	sasl.oauthbearer.jwks.endpoint.refresh.ms = 3600000
	sasl.oauthbearer.jwks.endpoint.retry.backoff.max.ms = 10000
	sasl.oauthbearer.jwks.endpoint.retry.backoff.ms = 100
	sasl.oauthbearer.jwks.endpoint.url = null
	sasl.oauthbearer.scope.claim.name = scope
	sasl.oauthbearer.sub.claim.name = sub
	sasl.oauthbearer.token.endpoint.url = null
	security.protocol = PLAINTEXT
	security.providers = null
	send.buffer.bytes = 131072
	socket.connection.setup.timeout.max.ms = 30000
	socket.connection.setup.timeout.ms = 10000
	ssl.cipher.suites = null
	ssl.enabled.protocols = [TLSv1.2, TLSv1.3]
	ssl.endpoint.identification.algorithm = https
	ssl.engine.factory.class = null
	ssl.key.password = null
	ssl.keymanager.algorithm = SunX509
	ssl.keystore.certificate.chain = null
	ssl.keystore.key = null
	ssl.keystore.location = null
	ssl.keystore.password = null
	ssl.keystore.type = JKS
	ssl.protocol = TLSv1.3
	ssl.provider = null
	ssl.secure.random.implementation = null
	ssl.trustmanager.algorithm = PKIX
	ssl.truststore.certificates = null
	ssl.truststore.location = null
	ssl.truststore.password = null
	ssl.truststore.type = JKS
	transaction.timeout.ms = 60000
	transactional.id = null
	value.serializer = class org.apache.kafka.common.serialization.StringSerializer

2026-09-17T16:31:57.874+03:00  INFO [,719fc23f-d4f4-4548-a9f3-59e991e64d0f] 76459 --- [lending-application-service] [   scheduling-1] o.a.k.c.t.i.KafkaMetricsCollector        : initializing Kafka metrics collector
2026-09-17T16:31:57.877+03:00  INFO [,719fc23f-d4f4-4548-a9f3-59e991e64d0f] 76459 --- [lending-application-service] [   scheduling-1] o.a.k.clients.producer.KafkaProducer     : [Producer clientId=lending-application-service-producer-1] Instantiated an idempotent producer.
2026-09-17T16:31:57.882+03:00  INFO [,719fc23f-d4f4-4548-a9f3-59e991e64d0f] 76459 --- [lending-application-service] [   scheduling-1] o.a.kafka.common.utils.AppInfoParser     : Kafka version: 3.7.1
2026-09-17T16:31:57.882+03:00  INFO [,719fc23f-d4f4-4548-a9f3-59e991e64d0f] 76459 --- [lending-application-service] [   scheduling-1] o.a.kafka.common.utils.AppInfoParser     : Kafka commitId: e2494e6ffb89f828
2026-09-17T16:31:57.882+03:00  INFO [,719fc23f-d4f4-4548-a9f3-59e991e64d0f] 76459 --- [lending-application-service] [   scheduling-1] o.a.kafka.common.utils.AppInfoParser     : Kafka startTimeMs: 1789651917882
2026-09-17T16:31:57.887+03:00  INFO [,] 76459 --- [lending-application-service] [vice-producer-1] org.apache.kafka.clients.Metadata        : [Producer clientId=lending-application-service-producer-1] Cluster ID: Gy9EraUzTa2FSjik7KqPHg
2026-09-17T16:31:57.997+03:00  INFO [,] 76459 --- [lending-application-service] [vice-producer-1] o.a.k.c.p.internals.TransactionManager   : [Producer clientId=lending-application-service-producer-1] ProducerId set to 0 with epoch 0
2026-09-17T16:32:07.692+03:00  INFO [,] 76459 --- [lending-application-service] [           main] k.c.c.i.ConsumerRebalanceListenerInvoker : [Consumer clientId=consumer-it-88783199-d731-4201-b043-5f0ba01721b9-1, groupId=it-88783199-d731-4201-b043-5f0ba01721b9] Revoke previously assigned partitions application-limit-blocked-0
2026-09-17T16:32:07.692+03:00  INFO [,] 76459 --- [lending-application-service] [           main] o.a.k.c.c.internals.ConsumerCoordinator  : [Consumer clientId=consumer-it-88783199-d731-4201-b043-5f0ba01721b9-1, groupId=it-88783199-d731-4201-b043-5f0ba01721b9] Member consumer-it-88783199-d731-4201-b043-5f0ba01721b9-1-ec1eab9d-2c44-4e60-bd34-5c2710254e39 sending LeaveGroup request to coordinator localhost:63019 (id: 2147483646 rack: null) due to the consumer is being closed
2026-09-17T16:32:07.693+03:00  INFO [,] 76459 --- [lending-application-service] [           main] o.a.k.c.c.internals.ConsumerCoordinator  : [Consumer clientId=consumer-it-88783199-d731-4201-b043-5f0ba01721b9-1, groupId=it-88783199-d731-4201-b043-5f0ba01721b9] Resetting generation and member id due to: consumer pro-actively leaving the group
2026-09-17T16:32:07.693+03:00  INFO [,] 76459 --- [lending-application-service] [           main] o.a.k.c.c.internals.ConsumerCoordinator  : [Consumer clientId=consumer-it-88783199-d731-4201-b043-5f0ba01721b9-1, groupId=it-88783199-d731-4201-b043-5f0ba01721b9] Request joining group due to: consumer pro-actively leaving the group
2026-09-17T16:32:07.709+03:00  INFO [,] 76459 --- [lending-application-service] [           main] o.apache.kafka.common.metrics.Metrics    : Metrics scheduler closed
2026-09-17T16:32:07.709+03:00  INFO [,] 76459 --- [lending-application-service] [           main] o.apache.kafka.common.metrics.Metrics    : Closing reporter org.apache.kafka.common.metrics.JmxReporter
2026-09-17T16:32:07.709+03:00  INFO [,] 76459 --- [lending-application-service] [           main] o.apache.kafka.common.metrics.Metrics    : Closing reporter org.apache.kafka.common.telemetry.internals.ClientTelemetryReporter
2026-09-17T16:32:07.709+03:00  INFO [,] 76459 --- [lending-application-service] [           main] o.apache.kafka.common.metrics.Metrics    : Metrics reporters closed
2026-09-17T16:32:07.714+03:00  INFO [,] 76459 --- [lending-application-service] [           main] o.a.kafka.common.utils.AppInfoParser     : App info kafka.consumer for consumer-it-88783199-d731-4201-b043-5f0ba01721b9-1 unregistered
]]></system-out>
    <system-err><![CDATA[Sep 17, 2026 4:31:51 PM org.junit.platform.launcher.core.LauncherConfigurationParameters loadClasspathResource
WARNING: Discovered 2 'junit-platform.properties' configuration files in the classpath; only the first will be used.
Sep 17, 2026 4:31:51 PM org.junit.platform.launcher.core.LauncherConfigurationParameters loadClasspathResource
WARNING: Discovered 2 'junit-platform.properties' configuration files in the classpath; only the first will be used.
Sep 17, 2026 4:31:51 PM org.junit.platform.launcher.core.LauncherConfigurationParameters loadClasspathResource
WARNING: Discovered 2 'junit-platform.properties' configuration files in the classpath; only the first will be used.
WARNING: A Java agent has been loaded dynamically (/Users/sergejacmennikov/.m2/repository/net/bytebuddy/byte-buddy-agent/1.14.19/byte-buddy-agent-1.14.19.jar)
WARNING: If a serviceability tool is in use, please run with -XX:+EnableDynamicAgentLoading to hide this warning
WARNING: If a serviceability tool is not in use, please run with -Djdk.instrument.traceUsage for more information
WARNING: Dynamic loading of agents will be disallowed by default in a future release
]]></system-err>
  </testcase>
  <testcase name="blocksLimit_persistsState_andPublishesEventToKafka" classname="com.example.tasklist.lending.application.LendingApplicationServiceIT" time="10.17">
    <system-out><![CDATA[2026-09-17T16:32:07.731+03:00  INFO [,] 76459 --- [lending-application-service] [           main] o.a.k.clients.consumer.ConsumerConfig    : ConsumerConfig values: 
	allow.auto.create.topics = true
	auto.commit.interval.ms = 5000
	auto.include.jmx.reporter = true
	auto.offset.reset = earliest
	bootstrap.servers = [PLAINTEXT://localhost:63019]
	check.crcs = true
	client.dns.lookup = use_all_dns_ips
	client.id = consumer-it-6fe2cfb2-419b-4150-914e-178d3a1ceea1-2
	client.rack = 
	connections.max.idle.ms = 540000
	default.api.timeout.ms = 60000
	enable.auto.commit = true
	enable.metrics.push = true
	exclude.internal.topics = true
	fetch.max.bytes = 52428800
	fetch.max.wait.ms = 500
	fetch.min.bytes = 1
	group.id = it-6fe2cfb2-419b-4150-914e-178d3a1ceea1
	group.instance.id = null
	group.protocol = classic
	group.remote.assignor = null
	heartbeat.interval.ms = 3000
	interceptor.classes = []
	internal.leave.group.on.close = true
	internal.throw.on.fetch.stable.offset.unsupported = false
	isolation.level = read_uncommitted
	key.deserializer = class org.apache.kafka.common.serialization.StringDeserializer
	max.partition.fetch.bytes = 1048576
	max.poll.interval.ms = 300000
	max.poll.records = 500
	metadata.max.age.ms = 300000
	metric.reporters = []
	metrics.num.samples = 2
	metrics.recording.level = INFO
	metrics.sample.window.ms = 30000
	partition.assignment.strategy = [class org.apache.kafka.clients.consumer.RangeAssignor, class org.apache.kafka.clients.consumer.CooperativeStickyAssignor]
	receive.buffer.bytes = 65536
	reconnect.backoff.max.ms = 1000
	reconnect.backoff.ms = 50
	request.timeout.ms = 30000
	retry.backoff.max.ms = 1000
	retry.backoff.ms = 100
	sasl.client.callback.handler.class = null
	sasl.jaas.config = null
	sasl.kerberos.kinit.cmd = /usr/bin/kinit
	sasl.kerberos.min.time.before.relogin = 60000
	sasl.kerberos.service.name = null
	sasl.kerberos.ticket.renew.jitter = 0.05
	sasl.kerberos.ticket.renew.window.factor = 0.8
	sasl.login.callback.handler.class = null
	sasl.login.class = null
	sasl.login.connect.timeout.ms = null
	sasl.login.read.timeout.ms = null
	sasl.login.refresh.buffer.seconds = 300
	sasl.login.refresh.min.period.seconds = 60
	sasl.login.refresh.window.factor = 0.8
	sasl.login.refresh.window.jitter = 0.05
	sasl.login.retry.backoff.max.ms = 10000
	sasl.login.retry.backoff.ms = 100
	sasl.mechanism = GSSAPI
	sasl.oauthbearer.clock.skew.seconds = 30
	sasl.oauthbearer.expected.audience = null
	sasl.oauthbearer.expected.issuer = null
	sasl.oauthbearer.jwks.endpoint.refresh.ms = 3600000
	sasl.oauthbearer.jwks.endpoint.retry.backoff.max.ms = 10000
	sasl.oauthbearer.jwks.endpoint.retry.backoff.ms = 100
	sasl.oauthbearer.jwks.endpoint.url = null
	sasl.oauthbearer.scope.claim.name = scope
	sasl.oauthbearer.sub.claim.name = sub
	sasl.oauthbearer.token.endpoint.url = null
	security.protocol = PLAINTEXT
	security.providers = null
	send.buffer.bytes = 131072
	session.timeout.ms = 45000
	socket.connection.setup.timeout.max.ms = 30000
	socket.connection.setup.timeout.ms = 10000
	ssl.cipher.suites = null
	ssl.enabled.protocols = [TLSv1.2, TLSv1.3]
	ssl.endpoint.identification.algorithm = https
	ssl.engine.factory.class = null
	ssl.key.password = null
	ssl.keymanager.algorithm = SunX509
	ssl.keystore.certificate.chain = null
	ssl.keystore.key = null
	ssl.keystore.location = null
	ssl.keystore.password = null
	ssl.keystore.type = JKS
	ssl.protocol = TLSv1.3
	ssl.provider = null
	ssl.secure.random.implementation = null
	ssl.trustmanager.algorithm = PKIX
	ssl.truststore.certificates = null
	ssl.truststore.location = null
	ssl.truststore.password = null
	ssl.truststore.type = JKS
	value.deserializer = class org.apache.kafka.common.serialization.StringDeserializer

2026-09-17T16:32:07.732+03:00  INFO [,] 76459 --- [lending-application-service] [           main] o.a.k.c.t.i.KafkaMetricsCollector        : initializing Kafka metrics collector
2026-09-17T16:32:07.734+03:00  INFO [,] 76459 --- [lending-application-service] [           main] o.a.kafka.common.utils.AppInfoParser     : Kafka version: 3.7.1
2026-09-17T16:32:07.734+03:00  INFO [,] 76459 --- [lending-application-service] [           main] o.a.kafka.common.utils.AppInfoParser     : Kafka commitId: e2494e6ffb89f828
2026-09-17T16:32:07.734+03:00  INFO [,] 76459 --- [lending-application-service] [           main] o.a.kafka.common.utils.AppInfoParser     : Kafka startTimeMs: 1789651927734
2026-09-17T16:32:07.734+03:00  INFO [,] 76459 --- [lending-application-service] [           main] o.a.k.c.c.internals.LegacyKafkaConsumer  : [Consumer clientId=consumer-it-6fe2cfb2-419b-4150-914e-178d3a1ceea1-2, groupId=it-6fe2cfb2-419b-4150-914e-178d3a1ceea1] Subscribed to topic(s): application-limit-blocked
2026-09-17T16:32:07.751+03:00  INFO [,] 76459 --- [lending-application-service] [           main] org.apache.kafka.clients.Metadata        : [Consumer clientId=consumer-it-6fe2cfb2-419b-4150-914e-178d3a1ceea1-2, groupId=it-6fe2cfb2-419b-4150-914e-178d3a1ceea1] Cluster ID: Gy9EraUzTa2FSjik7KqPHg
2026-09-17T16:32:07.751+03:00  INFO [,] 76459 --- [lending-application-service] [           main] o.a.k.c.c.internals.ConsumerCoordinator  : [Consumer clientId=consumer-it-6fe2cfb2-419b-4150-914e-178d3a1ceea1-2, groupId=it-6fe2cfb2-419b-4150-914e-178d3a1ceea1] Discovered group coordinator localhost:63019 (id: 2147483646 rack: null)
2026-09-17T16:32:07.752+03:00  INFO [,] 76459 --- [lending-application-service] [           main] o.a.k.c.c.internals.ConsumerCoordinator  : [Consumer clientId=consumer-it-6fe2cfb2-419b-4150-914e-178d3a1ceea1-2, groupId=it-6fe2cfb2-419b-4150-914e-178d3a1ceea1] (Re-)joining group
2026-09-17T16:32:07.754+03:00  INFO [,] 76459 --- [lending-application-service] [           main] o.a.k.c.c.internals.ConsumerCoordinator  : [Consumer clientId=consumer-it-6fe2cfb2-419b-4150-914e-178d3a1ceea1-2, groupId=it-6fe2cfb2-419b-4150-914e-178d3a1ceea1] Request joining group due to: need to re-join with the given member-id: consumer-it-6fe2cfb2-419b-4150-914e-178d3a1ceea1-2-9b25275d-316b-4d4c-850b-e58f42666ac9
2026-09-17T16:32:07.754+03:00  INFO [,] 76459 --- [lending-application-service] [           main] o.a.k.c.c.internals.ConsumerCoordinator  : [Consumer clientId=consumer-it-6fe2cfb2-419b-4150-914e-178d3a1ceea1-2, groupId=it-6fe2cfb2-419b-4150-914e-178d3a1ceea1] (Re-)joining group
2026-09-17T16:32:07.757+03:00  INFO [,] 76459 --- [lending-application-service] [           main] o.a.k.c.c.internals.ConsumerCoordinator  : [Consumer clientId=consumer-it-6fe2cfb2-419b-4150-914e-178d3a1ceea1-2, groupId=it-6fe2cfb2-419b-4150-914e-178d3a1ceea1] Successfully joined group with generation Generation{generationId=1, memberId='consumer-it-6fe2cfb2-419b-4150-914e-178d3a1ceea1-2-9b25275d-316b-4d4c-850b-e58f42666ac9', protocol='range'}
2026-09-17T16:32:07.757+03:00  INFO [,] 76459 --- [lending-application-service] [           main] o.a.k.c.c.internals.ConsumerCoordinator  : [Consumer clientId=consumer-it-6fe2cfb2-419b-4150-914e-178d3a1ceea1-2, groupId=it-6fe2cfb2-419b-4150-914e-178d3a1ceea1] Finished assignment for group at generation 1: {consumer-it-6fe2cfb2-419b-4150-914e-178d3a1ceea1-2-9b25275d-316b-4d4c-850b-e58f42666ac9=Assignment(partitions=[application-limit-blocked-0])}
2026-09-17T16:32:07.760+03:00  INFO [,] 76459 --- [lending-application-service] [           main] o.a.k.c.c.internals.ConsumerCoordinator  : [Consumer clientId=consumer-it-6fe2cfb2-419b-4150-914e-178d3a1ceea1-2, groupId=it-6fe2cfb2-419b-4150-914e-178d3a1ceea1] Successfully synced group in generation Generation{generationId=1, memberId='consumer-it-6fe2cfb2-419b-4150-914e-178d3a1ceea1-2-9b25275d-316b-4d4c-850b-e58f42666ac9', protocol='range'}
2026-09-17T16:32:07.760+03:00  INFO [,] 76459 --- [lending-application-service] [           main] o.a.k.c.c.internals.ConsumerCoordinator  : [Consumer clientId=consumer-it-6fe2cfb2-419b-4150-914e-178d3a1ceea1-2, groupId=it-6fe2cfb2-419b-4150-914e-178d3a1ceea1] Notifying assignor about the new Assignment(partitions=[application-limit-blocked-0])
2026-09-17T16:32:07.760+03:00  INFO [,] 76459 --- [lending-application-service] [           main] k.c.c.i.ConsumerRebalanceListenerInvoker : [Consumer clientId=consumer-it-6fe2cfb2-419b-4150-914e-178d3a1ceea1-2, groupId=it-6fe2cfb2-419b-4150-914e-178d3a1ceea1] Adding newly assigned partitions: application-limit-blocked-0
2026-09-17T16:32:07.761+03:00  INFO [,] 76459 --- [lending-application-service] [           main] o.a.k.c.c.internals.ConsumerCoordinator  : [Consumer clientId=consumer-it-6fe2cfb2-419b-4150-914e-178d3a1ceea1-2, groupId=it-6fe2cfb2-419b-4150-914e-178d3a1ceea1] Found no committed offset for partition application-limit-blocked-0
2026-09-17T16:32:07.764+03:00  INFO [,] 76459 --- [lending-application-service] [           main] o.a.k.c.c.internals.SubscriptionState    : [Consumer clientId=consumer-it-6fe2cfb2-419b-4150-914e-178d3a1ceea1-2, groupId=it-6fe2cfb2-419b-4150-914e-178d3a1ceea1] Resetting offset for partition application-limit-blocked-0 to position FetchPosition{offset=0, offsetEpoch=Optional.empty, currentLeader=LeaderAndEpoch{leader=Optional[localhost:63019 (id: 1 rack: null)], epoch=0}}.
2026-09-17T16:32:17.876+03:00  INFO [,] 76459 --- [lending-application-service] [           main] k.c.c.i.ConsumerRebalanceListenerInvoker : [Consumer clientId=consumer-it-6fe2cfb2-419b-4150-914e-178d3a1ceea1-2, groupId=it-6fe2cfb2-419b-4150-914e-178d3a1ceea1] Revoke previously assigned partitions application-limit-blocked-0
2026-09-17T16:32:17.876+03:00  INFO [,] 76459 --- [lending-application-service] [           main] o.a.k.c.c.internals.ConsumerCoordinator  : [Consumer clientId=consumer-it-6fe2cfb2-419b-4150-914e-178d3a1ceea1-2, groupId=it-6fe2cfb2-419b-4150-914e-178d3a1ceea1] Member consumer-it-6fe2cfb2-419b-4150-914e-178d3a1ceea1-2-9b25275d-316b-4d4c-850b-e58f42666ac9 sending LeaveGroup request to coordinator localhost:63019 (id: 2147483646 rack: null) due to the consumer is being closed
2026-09-17T16:32:17.876+03:00  INFO [,] 76459 --- [lending-application-service] [           main] o.a.k.c.c.internals.ConsumerCoordinator  : [Consumer clientId=consumer-it-6fe2cfb2-419b-4150-914e-178d3a1ceea1-2, groupId=it-6fe2cfb2-419b-4150-914e-178d3a1ceea1] Resetting generation and member id due to: consumer pro-actively leaving the group
2026-09-17T16:32:17.876+03:00  INFO [,] 76459 --- [lending-application-service] [           main] o.a.k.c.c.internals.ConsumerCoordinator  : [Consumer clientId=consumer-it-6fe2cfb2-419b-4150-914e-178d3a1ceea1-2, groupId=it-6fe2cfb2-419b-4150-914e-178d3a1ceea1] Request joining group due to: consumer pro-actively leaving the group
2026-09-17T16:32:17.896+03:00  INFO [,] 76459 --- [lending-application-service] [           main] o.apache.kafka.common.metrics.Metrics    : Metrics scheduler closed
2026-09-17T16:32:17.897+03:00  INFO [,] 76459 --- [lending-application-service] [           main] o.apache.kafka.common.metrics.Metrics    : Closing reporter org.apache.kafka.common.metrics.JmxReporter
2026-09-17T16:32:17.897+03:00  INFO [,] 76459 --- [lending-application-service] [           main] o.apache.kafka.common.metrics.Metrics    : Closing reporter org.apache.kafka.common.telemetry.internals.ClientTelemetryReporter
2026-09-17T16:32:17.897+03:00  INFO [,] 76459 --- [lending-application-service] [           main] o.apache.kafka.common.metrics.Metrics    : Metrics reporters closed
2026-09-17T16:32:17.898+03:00  INFO [,] 76459 --- [lending-application-service] [           main] o.a.kafka.common.utils.AppInfoParser     : App info kafka.consumer for consumer-it-6fe2cfb2-419b-4150-914e-178d3a1ceea1-2 unregistered
]]></system-out>
  </testcase>
</testsuite>