<?xml version="1.0" encoding="UTF-8"?>
<testsuite xmlns:xsi="http://www.w3.org/2001/XMLSchema-instance" xsi:noNamespaceSchemaLocation="https://maven.apache.org/surefire/maven-surefire-plugin/xsd/surefire-test-report-3.0.xsd" version="3.0" name="com.example.tasklist.kyc.application.web.ApplicationControllerTest" time="2.153" tests="7" errors="0" skipped="0" failures="0">
  <properties>
[...]
</properties>
  <testcase name="completeKyc_returns403_whenClientIdDoesNotMatch" classname="com.example.tasklist.kyc.application.web.ApplicationControllerTest" time="0.064">
    <system-out><![CDATA[
  .   ____          _            __ _ _
 /\\ / ___'_ __ _ _(_)_ __  __ _ \ \ \ \
( ( )\___ | '_ | '_| | '_ \/ _` | \ \ \ \
 \\/  ___)| |_)| | | | | || (_| |  ) ) ) )
  '  |____| .__|_| |_|_| |_\__, | / / / /
 =========|_|==============|___/=/_/_/_/

 :: Spring Boot ::                (v3.3.4)

2026-09-17T18:41:29.834+03:00  INFO [,] 86205 --- [kyc-verification-service] [           main] c.e.t.k.a.web.ApplicationControllerTest  : Starting ApplicationControllerTest using Java 25.0.1 with PID 86205 (started by sergejacmennikov in /Users/sergejacmennikov/Desktop/projects/tasks_list/kyc-verification-service)
2026-09-17T18:41:29.835+03:00  INFO [,] 86205 --- [kyc-verification-service] [           main] c.e.t.k.a.web.ApplicationControllerTest  : No active profile set, falling back to 1 default profile: "default"
2026-09-17T18:41:31.516+03:00  INFO [,] 86205 --- [kyc-verification-service] [           main] o.s.b.t.m.w.SpringBootMockServletContext : Initializing Spring TestDispatcherServlet ''
2026-09-17T18:41:31.516+03:00  INFO [,] 86205 --- [kyc-verification-service] [           main] o.s.t.web.servlet.TestDispatcherServlet  : Initializing Servlet ''
2026-09-17T18:41:31.520+03:00  INFO [,] 86205 --- [kyc-verification-service] [           main] o.s.b.a.e.web.EndpointLinksResolver      : Exposing 3 endpoints beneath base path '/actuator'
2026-09-17T18:41:31.526+03:00  INFO [,] 86205 --- [kyc-verification-service] [           main] o.s.t.web.servlet.TestDispatcherServlet  : Completed initialization in 10 ms
2026-09-17T18:41:31.558+03:00  INFO [,] 86205 --- [kyc-verification-service] [           main] c.e.t.k.a.web.ApplicationControllerTest  : Started ApplicationControllerTest in 1.816 seconds (process running for 2.126)
]]></system-out>
    <system-err><![CDATA[WARNING: A Java agent has been loaded dynamically (/Users/sergejacmennikov/.m2/repository/net/bytebuddy/byte-buddy-agent/1.14.19/byte-buddy-agent-1.14.19.jar)
WARNING: If a serviceability tool is in use, please run with -XX:+EnableDynamicAgentLoading to hide this warning
WARNING: If a serviceability tool is not in use, please run with -Djdk.instrument.traceUsage for more information
WARNING: Dynamic loading of agents will be disallowed by default in a future release
]]></system-err>
  </testcase>
  <testcase name="completeKyc_returns404_whenApplicationNotFound" classname="com.example.tasklist.kyc.application.web.ApplicationControllerTest" time="0.013"/>
  <testcase name="openApiSpec_documentsTheCompleteKycEndpoint" classname="com.example.tasklist.kyc.application.web.ApplicationControllerTest" time="0.095">
    <system-out><![CDATA[2026-09-17T18:41:31.757+03:00  INFO [8e7b5ece-60cb-4285-b009-01a9ae724ab5,] 86205 --- [kyc-verification-service] [           main] o.springdoc.api.AbstractOpenApiResource  : Init duration for springdoc-openapi is: 83 ms
]]></system-out>
  </testcase>
  <testcase name="completeKyc_returns409_whenStatusIsNotKycPending" classname="com.example.tasklist.kyc.application.web.ApplicationControllerTest" time="0.003"/>
  <testcase name="completeKyc_returns200_onSuccess" classname="com.example.tasklist.kyc.application.web.ApplicationControllerTest" time="0.004"/>
  <testcase name="completeKyc_returns502_whenNotificationFails" classname="com.example.tasklist.kyc.application.web.ApplicationControllerTest" time="0.002"/>
  <testcase name="completeKyc_returns409_whenKycNotCompletedAtProvider" classname="com.example.tasklist.kyc.application.web.ApplicationControllerTest" time="0.002"/>
</testsuite>