<?xml version="1.0" encoding="UTF-8"?>
<testsuite xmlns:xsi="http://www.w3.org/2001/XMLSchema-instance" xsi:noNamespaceSchemaLocation="https://maven.apache.org/surefire/maven-surefire-plugin/xsd/surefire-test-report-3.0.xsd" version="3.0" name="com.example.tasklist.lending.application.web.ApplicationControllerTest" time="2.089" tests="5" errors="0" skipped="0" failures="0">
  <properties>
[...]
</properties>
  <testcase name="openApiSpec_documentsTheBlockLimitEndpoint" classname="com.example.tasklist.lending.application.web.ApplicationControllerTest" time="0.155">
    <system-out><![CDATA[
  .   ____          _            __ _ _
 /\\ / ___'_ __ _ _(_)_ __  __ _ \ \ \ \
( ( )\___ | '_ | '_| | '_ \/ _` | \ \ \ \
 \\/  ___)| |_)| | | | | || (_| |  ) ) ) )
  '  |____| .__|_| |_|_| |_\__, | / / / /
 =========|_|==============|___/=/_/_/_/

 :: Spring Boot ::                (v3.3.4)

2026-09-17T17:06:14.216+03:00  INFO [,] 79285 --- [lending-application-service] [           main] c.e.t.l.a.web.ApplicationControllerTest  : Starting ApplicationControllerTest using Java 25.0.1 with PID 79285 (started by sergejacmennikov in /Users/sergejacmennikov/Desktop/projects/tasks_list/lending-application-service)
2026-09-17T17:06:14.216+03:00  INFO [,] 79285 --- [lending-application-service] [           main] c.e.t.l.a.web.ApplicationControllerTest  : No active profile set, falling back to 1 default profile: "default"
2026-09-17T17:06:14.920+03:00  INFO [,] 79285 --- [lending-application-service] [           main] o.s.j.d.e.EmbeddedDatabaseFactory        : Starting embedded database: url='jdbc:h2:mem:testdb;DB_CLOSE_DELAY=-1;DB_CLOSE_ON_EXIT=false', username='sa'
2026-09-17T17:06:15.843+03:00  INFO [,] 79285 --- [lending-application-service] [           main] o.s.b.t.m.w.SpringBootMockServletContext : Initializing Spring TestDispatcherServlet ''
2026-09-17T17:06:15.843+03:00  INFO [,] 79285 --- [lending-application-service] [           main] o.s.t.web.servlet.TestDispatcherServlet  : Initializing Servlet ''
2026-09-17T17:06:15.848+03:00  INFO [,] 79285 --- [lending-application-service] [           main] o.s.b.a.e.web.EndpointLinksResolver      : Exposing 3 endpoints beneath base path '/actuator'
2026-09-17T17:06:15.858+03:00  INFO [,] 79285 --- [lending-application-service] [           main] o.s.t.web.servlet.TestDispatcherServlet  : Completed initialization in 15 ms
2026-09-17T17:06:15.888+03:00  INFO [,] 79285 --- [lending-application-service] [           main] c.e.t.l.a.web.ApplicationControllerTest  : Started ApplicationControllerTest in 1.778 seconds (process running for 2.579)
2026-09-17T17:06:16.055+03:00  INFO [0c07110f-9e5a-4aa8-a45a-1cc9083eea63,] 79285 --- [lending-application-service] [           main] o.springdoc.api.AbstractOpenApiResource  : Init duration for springdoc-openapi is: 113 ms
]]></system-out>
  </testcase>
  <testcase name="blockLenderLimit_returns204_onSuccess" classname="com.example.tasklist.lending.application.web.ApplicationControllerTest" time="0.009"/>
  <testcase name="blockLenderLimit_returns404_whenApplicationNotFound" classname="com.example.tasklist.lending.application.web.ApplicationControllerTest" time="0.006"/>
  <testcase name="blockLenderLimit_returns502_whenLenderCallFails" classname="com.example.tasklist.lending.application.web.ApplicationControllerTest" time="0.004"/>
  <testcase name="blockLenderLimit_returns409_whenStatusIsNotScoringApproved" classname="com.example.tasklist.lending.application.web.ApplicationControllerTest" time="0.003"/>
</testsuite>