<?xml version="1.0" encoding="UTF-8"?>
<testsuite xmlns:xsi="http://www.w3.org/2001/XMLSchema-instance" xsi:noNamespaceSchemaLocation="https://maven.apache.org/surefire/maven-failsafe-plugin/xsd/failsafe-test-report-3.0.xsd" version="3.0" name="com.example.tasklist.order.OrderServiceIT" time="15.867" tests="1" errors="0" skipped="0" failures="0">
  <properties>
[...]
</properties>
  <testcase name="createsOrder_persistsState_andPublishesEventToKafka" classname="com.example.tasklist.order.OrderServiceIT" time="10.477">
    <system-out><![CDATA[20:26:19.701 [main] INFO org.testcontainers.images.PullPolicy -- Image pull policy will be performed by: DefaultPullPolicy()
20:26:19.703 [main] INFO org.testcontainers.utility.ImageNameSubstitutor -- Image name substitution will be performed by: DefaultImageNameSubstitutor (composite of 'ConfigurationFileImageNameSubstitutor' and 'PrefixingImageNameSubstitutor')
20:26:19.813 [main] INFO org.testcontainers.dockerclient.DockerClientProviderStrategy -- Loaded org.testcontainers.dockerclient.UnixSocketClientProviderStrategy from ~/.testcontainers.properties, will try it first
20:26:19.921 [main] INFO org.testcontainers.dockerclient.DockerClientProviderStrategy -- Found Docker environment with local Unix socket (unix:///var/run/docker.sock)
20:26:19.922 [main] INFO org.testcontainers.DockerClientFactory -- Docker host IP address is localhost
20:26:19.933 [main] INFO org.testcontainers.DockerClientFactory -- Connected to docker: 
  Server Version: 29.8.0
  API Version: 1.56
  Operating System: Docker Desktop
  Total Memory: 7833 MB
20:26:19.950 [main] INFO tc.testcontainers/ryuk:0.7.0 -- Creating container for image: testcontainers/ryuk:0.7.0
20:26:20.090 [main] INFO tc.testcontainers/ryuk:0.7.0 -- Container testcontainers/ryuk:0.7.0 is starting: 95ecdd7114aebac01e7f197f636e2dab3ed29879cb9c3a989eccfa642264e1a9
20:26:20.197 [main] INFO tc.testcontainers/ryuk:0.7.0 -- Container testcontainers/ryuk:0.7.0 started in PT0.246923S
20:26:20.201 [main] INFO org.testcontainers.utility.RyukResourceReaper -- Ryuk started - will monitor and terminate Testcontainers containers on JVM exit
20:26:20.201 [main] INFO org.testcontainers.DockerClientFactory -- Checking the system...
20:26:20.201 [main] INFO org.testcontainers.DockerClientFactory -- ✔︎ Docker server version should be at least 1.6.0
20:26:20.262 [main] INFO tc.confluentinc/cp-kafka:7.6.0 -- Creating container for image: confluentinc/cp-kafka:7.6.0
20:26:20.290 [main] INFO tc.confluentinc/cp-kafka:7.6.0 -- Container confluentinc/cp-kafka:7.6.0 is starting: 8f0b07946b4ae90be2059c709d76180d4f29d254c80caa79cabdb22ea159ac64
20:26:22.621 [main] INFO tc.confluentinc/cp-kafka:7.6.0 -- Container confluentinc/cp-kafka:7.6.0 started in PT2.358605S
20:26:22.621 [main] INFO tc.postgres:16-alpine -- Creating container for image: postgres:16-alpine
20:26:22.645 [main] INFO tc.postgres:16-alpine -- Container postgres:16-alpine is starting: 3d6fe64dcb0f1c3c5f2095bbd89579ad2191fad0701173cddbf398e6833e5816
20:26:23.387 [main] INFO tc.postgres:16-alpine -- Container postgres:16-alpine started in PT0.765506S
20:26:23.389 [main] INFO tc.postgres:16-alpine -- Container is started (JDBC URL: jdbc:postgresql://localhost:50110/test?loggerLevel=OFF)

  .   ____          _            __ _ _
 /\\ / ___'_ __ _ _(_)_ __  __ _ \ \ \ \
( ( )\___ | '_ | '_| | '_ \/ _` | \ \ \ \
 \\/  ___)| |_)| | | | | || (_| |  ) ) ) )
  '  |____| .__|_| |_|_| |_\__, | / / / /
 =========|_|==============|___/=/_/_/_/

 :: Spring Boot ::                (v3.3.4)

2026-09-17T20:26:23.536+03:00  INFO [,] 90590 --- [order-service] [           main] c.example.tasklist.order.OrderServiceIT  : Starting OrderServiceIT using Java 25.0.1 with PID 90590 (started by sergejacmennikov in /Users/sergejacmennikov/Desktop/projects/tasks_list/order-service)
2026-09-17T20:26:23.537+03:00  INFO [,] 90590 --- [order-service] [           main] c.example.tasklist.order.OrderServiceIT  : No active profile set, falling back to 1 default profile: "default"
2026-09-17T20:26:24.192+03:00  INFO [,] 90590 --- [order-service] [           main] org.flywaydb.core.FlywayExecutor         : Database: jdbc:postgresql://localhost:50110/test (PostgreSQL 16.13)
2026-09-17T20:26:24.210+03:00  INFO [,] 90590 --- [order-service] [           main] o.f.c.i.s.JdbcTableSchemaHistory         : Schema history table "public"."flyway_schema_history" does not exist yet
2026-09-17T20:26:24.211+03:00  INFO [,] 90590 --- [order-service] [           main] o.f.core.internal.command.DbValidate     : Successfully validated 1 migration (execution time 00:00.007s)
2026-09-17T20:26:24.221+03:00  INFO [,] 90590 --- [order-service] [           main] o.f.c.i.s.JdbcTableSchemaHistory         : Creating Schema History table "public"."flyway_schema_history" ...
2026-09-17T20:26:24.245+03:00  INFO [,] 90590 --- [order-service] [           main] o.f.core.internal.command.DbMigrate      : Current version of schema "public": << Empty Schema >>
2026-09-17T20:26:24.250+03:00  INFO [,] 90590 --- [order-service] [           main] o.f.core.internal.command.DbMigrate      : Migrating schema "public" to version "1 - init"
2026-09-17T20:26:24.266+03:00  INFO [,] 90590 --- [order-service] [           main] o.f.core.internal.command.DbMigrate      : Successfully applied 1 migration to schema "public", now at version v1 (execution time 00:00.008s)
2026-09-17T20:26:24.629+03:00  INFO [,] 90590 --- [order-service] [           main] o.s.b.t.m.w.SpringBootMockServletContext : Initializing Spring TestDispatcherServlet ''
2026-09-17T20:26:24.629+03:00  INFO [,] 90590 --- [order-service] [           main] o.s.t.web.servlet.TestDispatcherServlet  : Initializing Servlet ''
2026-09-17T20:26:24.633+03:00  INFO [,] 90590 --- [order-service] [           main] o.s.b.a.e.web.EndpointLinksResolver      : Exposing 3 endpoints beneath base path '/actuator'
2026-09-17T20:26:24.640+03:00  INFO [,] 90590 --- [order-service] [           main] o.s.t.web.servlet.TestDispatcherServlet  : Completed initialization in 10 ms
2026-09-17T20:26:24.668+03:00  INFO [,] 90590 --- [order-service] [           main] c.example.tasklist.order.OrderServiceIT  : Started OrderServiceIT in 1.25 seconds (process running for 5.286)
2026-09-17T20:26:24.673+03:00  INFO [,] 90590 --- [order-service] [   scheduling-1] com.zaxxer.hikari.HikariDataSource       : HikariPool-1 - Starting...
2026-09-17T20:26:24.691+03:00  INFO [,] 90590 --- [order-service] [   scheduling-1] com.zaxxer.hikari.pool.HikariPool        : HikariPool-1 - Added connection org.postgresql.jdbc.PgConnection@6782732f
2026-09-17T20:26:24.693+03:00  INFO [,] 90590 --- [order-service] [   scheduling-1] com.zaxxer.hikari.HikariDataSource       : HikariPool-1 - Start completed.
2026-09-17T20:26:25.002+03:00  INFO [,] 90590 --- [order-service] [           main] o.a.k.clients.consumer.ConsumerConfig    : ConsumerConfig values: 
	allow.auto.create.topics = true
	auto.commit.interval.ms = 5000
	auto.include.jmx.reporter = true
	auto.offset.reset = earliest
	bootstrap.servers = [PLAINTEXT://localhost:50108]
	check.crcs = true
	client.dns.lookup = use_all_dns_ips
	client.id = consumer-it-fab5161e-77cb-44c5-896d-d1ef8729f4cc-1
	client.rack = 
	connections.max.idle.ms = 540000
	default.api.timeout.ms = 60000
	enable.auto.commit = true
	enable.metrics.push = true
	exclude.internal.topics = true
	fetch.max.bytes = 52428800
	fetch.max.wait.ms = 500
	fetch.min.bytes = 1
	group.id = it-fab5161e-77cb-44c5-896d-d1ef8729f4cc
	group.instance.id = null
	group.protocol = classic
	group.remote.assignor = null
	heartbeat.interval.ms = 3000
	interceptor.classes = []
	internal.leave.group.on.close = true
	internal.throw.on.fetch.stable.offset.unsupported = false
	isolation.level = read_uncommitted
	key.deserializer = class org.apache.kafka.common.serialization.StringDeserializer
	max.partition.fetch.bytes = 1048576
	max.poll.interval.ms = 300000
	max.poll.records = 500
	metadata.max.age.ms = 300000
	metric.reporters = []
	metrics.num.samples = 2
	metrics.recording.level = INFO
	metrics.sample.window.ms = 30000
	partition.assignment.strategy = [class org.apache.kafka.clients.consumer.RangeAssignor, class org.apache.kafka.clients.consumer.CooperativeStickyAssignor]
	receive.buffer.bytes = 65536
	reconnect.backoff.max.ms = 1000
	reconnect.backoff.ms = 50
	request.timeout.ms = 30000
	retry.backoff.max.ms = 1000
	retry.backoff.ms = 100
	sasl.client.callback.handler.class = null
	sasl.jaas.config = null
	sasl.kerberos.kinit.cmd = /usr/bin/kinit
	sasl.kerberos.min.time.before.relogin = 60000
	sasl.kerberos.service.name = null
	sasl.kerberos.ticket.renew.jitter = 0.05
	sasl.kerberos.ticket.renew.window.factor = 0.8
	sasl.login.callback.handler.class = null
	sasl.login.class = null
	sasl.login.connect.timeout.ms = null
	sasl.login.read.timeout.ms = null
	sasl.login.refresh.buffer.seconds = 300
	sasl.login.refresh.min.period.seconds = 60
	sasl.login.refresh.window.factor = 0.8
	sasl.login.refresh.window.jitter = 0.05
	sasl.login.retry.backoff.max.ms = 10000
	sasl.login.retry.backoff.ms = 100
	sasl.mechanism = GSSAPI
	sasl.oauthbearer.clock.skew.seconds = 30
	sasl.oauthbearer.expected.audience = null
	sasl.oauthbearer.expected.issuer = null
	sasl.oauthbearer.jwks.endpoint.refresh.ms = 3600000
	sasl.oauthbearer.jwks.endpoint.retry.backoff.max.ms = 10000
	sasl.oauthbearer.jwks.endpoint.retry.backoff.ms = 100
	sasl.oauthbearer.jwks.endpoint.url = null
	sasl.oauthbearer.scope.claim.name = scope
	sasl.oauthbearer.sub.claim.name = sub
	sasl.oauthbearer.token.endpoint.url = null
	security.protocol = PLAINTEXT
	security.providers = null
	send.buffer.bytes = 131072
	session.timeout.ms = 45000
	socket.connection.setup.timeout.max.ms = 30000
	socket.connection.setup.timeout.ms = 10000
	ssl.cipher.suites = null
	ssl.enabled.protocols = [TLSv1.2, TLSv1.3]
	ssl.endpoint.identification.algorithm = https
	ssl.engine.factory.class = null
	ssl.key.password = null
	ssl.keymanager.algorithm = SunX509
	ssl.keystore.certificate.chain = null
	ssl.keystore.key = null
	ssl.keystore.location = null
	ssl.keystore.password = null
	ssl.keystore.type = JKS
	ssl.protocol = TLSv1.3
	ssl.provider = null
	ssl.secure.random.implementation = null
	ssl.trustmanager.algorithm = PKIX
	ssl.truststore.certificates = null
	ssl.truststore.location = null
	ssl.truststore.password = null
	ssl.truststore.type = JKS
	value.deserializer = class org.apache.kafka.common.serialization.StringDeserializer

2026-09-17T20:26:25.018+03:00  INFO [,] 90590 --- [order-service] [           main] o.a.k.c.t.i.KafkaMetricsCollector        : initializing Kafka metrics collector
2026-09-17T20:26:25.049+03:00  INFO [,] 90590 --- [order-service] [           main] o.a.kafka.common.utils.AppInfoParser     : Kafka version: 3.7.1
2026-09-17T20:26:25.049+03:00  INFO [,] 90590 --- [order-service] [           main] o.a.kafka.common.utils.AppInfoParser     : Kafka commitId: e2494e6ffb89f828
2026-09-17T20:26:25.049+03:00  INFO [,] 90590 --- [order-service] [           main] o.a.kafka.common.utils.AppInfoParser     : Kafka startTimeMs: 1789665985048
2026-09-17T20:26:25.050+03:00  INFO [,] 90590 --- [order-service] [           main] o.a.k.c.c.internals.LegacyKafkaConsumer  : [Consumer clientId=consumer-it-fab5161e-77cb-44c5-896d-d1ef8729f4cc-1, groupId=it-fab5161e-77cb-44c5-896d-d1ef8729f4cc] Subscribed to topic(s): order-created
2026-09-17T20:26:25.218+03:00  INFO [,364b7bf0-98cc-4249-b685-4a6c45b25977] 90590 --- [order-service] [   scheduling-1] o.a.k.clients.producer.ProducerConfig    : ProducerConfig values: 
	acks = -1
	auto.include.jmx.reporter = true
	batch.size = 16384
	bootstrap.servers = [PLAINTEXT://localhost:50108]
	buffer.memory = 33554432
	client.dns.lookup = use_all_dns_ips
	client.id = order-service-producer-1
	compression.type = none
	connections.max.idle.ms = 540000
	delivery.timeout.ms = 120000
	enable.idempotence = true
	enable.metrics.push = true
	interceptor.classes = []
	key.serializer = class org.apache.kafka.common.serialization.StringSerializer
	linger.ms = 0
	max.block.ms = 3000
	max.in.flight.requests.per.connection = 5
	max.request.size = 1048576
	metadata.max.age.ms = 300000
	metadata.max.idle.ms = 300000
	metric.reporters = []
	metrics.num.samples = 2
	metrics.recording.level = INFO
	metrics.sample.window.ms = 30000
	partitioner.adaptive.partitioning.enable = true
	partitioner.availability.timeout.ms = 0
	partitioner.class = null
	partitioner.ignore.keys = false
	receive.buffer.bytes = 32768
	reconnect.backoff.max.ms = 1000
	reconnect.backoff.ms = 50
	request.timeout.ms = 30000
	retries = 5
	retry.backoff.max.ms = 1000
	retry.backoff.ms = 100
	sasl.client.callback.handler.class = null
	sasl.jaas.config = null
	sasl.kerberos.kinit.cmd = /usr/bin/kinit
	sasl.kerberos.min.time.before.relogin = 60000
	sasl.kerberos.service.name = null
	sasl.kerberos.ticket.renew.jitter = 0.05
	sasl.kerberos.ticket.renew.window.factor = 0.8
	sasl.login.callback.handler.class = null
	sasl.login.class = null
	sasl.login.connect.timeout.ms = null
	sasl.login.read.timeout.ms = null
	sasl.login.refresh.buffer.seconds = 300
	sasl.login.refresh.min.period.seconds = 60
	sasl.login.refresh.window.factor = 0.8
	sasl.login.refresh.window.jitter = 0.05
	sasl.login.retry.backoff.max.ms = 10000
	sasl.login.retry.backoff.ms = 100
	sasl.mechanism = GSSAPI
	sasl.oauthbearer.clock.skew.seconds = 30
	sasl.oauthbearer.expected.audience = null
	sasl.oauthbearer.expected.issuer = null
	sasl.oauthbearer.jwks.endpoint.refresh.ms = 3600000
	sasl.oauthbearer.jwks.endpoint.retry.backoff.max.ms = 10000
	sasl.oauthbearer.jwks.endpoint.retry.backoff.ms = 100
	sasl.oauthbearer.jwks.endpoint.url = null
	sasl.oauthbearer.scope.claim.name = scope
	sasl.oauthbearer.sub.claim.name = sub
	sasl.oauthbearer.token.endpoint.url = null
	security.protocol = PLAINTEXT
	security.providers = null
	send.buffer.bytes = 131072
	socket.connection.setup.timeout.max.ms = 30000
	socket.connection.setup.timeout.ms = 10000
	ssl.cipher.suites = null
	ssl.enabled.protocols = [TLSv1.2, TLSv1.3]
	ssl.endpoint.identification.algorithm = https
	ssl.engine.factory.class = null
	ssl.key.password = null
	ssl.keymanager.algorithm = SunX509
	ssl.keystore.certificate.chain = null
	ssl.keystore.key = null
	ssl.keystore.location = null
	ssl.keystore.password = null
	ssl.keystore.type = JKS
	ssl.protocol = TLSv1.3
	ssl.provider = null
	ssl.secure.random.implementation = null
	ssl.trustmanager.algorithm = PKIX
	ssl.truststore.certificates = null
	ssl.truststore.location = null
	ssl.truststore.password = null
	ssl.truststore.type = JKS
	transaction.timeout.ms = 60000
	transactional.id = null
	value.serializer = class org.apache.kafka.common.serialization.StringSerializer

2026-09-17T20:26:25.219+03:00  INFO [,364b7bf0-98cc-4249-b685-4a6c45b25977] 90590 --- [order-service] [   scheduling-1] o.a.k.c.t.i.KafkaMetricsCollector        : initializing Kafka metrics collector
2026-09-17T20:26:25.223+03:00  INFO [,364b7bf0-98cc-4249-b685-4a6c45b25977] 90590 --- [order-service] [   scheduling-1] o.a.k.clients.producer.KafkaProducer     : [Producer clientId=order-service-producer-1] Instantiated an idempotent producer.
2026-09-17T20:26:25.231+03:00  INFO [,364b7bf0-98cc-4249-b685-4a6c45b25977] 90590 --- [order-service] [   scheduling-1] o.a.kafka.common.utils.AppInfoParser     : Kafka version: 3.7.1
2026-09-17T20:26:25.231+03:00  INFO [,364b7bf0-98cc-4249-b685-4a6c45b25977] 90590 --- [order-service] [   scheduling-1] o.a.kafka.common.utils.AppInfoParser     : Kafka commitId: e2494e6ffb89f828
2026-09-17T20:26:25.231+03:00  INFO [,364b7bf0-98cc-4249-b685-4a6c45b25977] 90590 --- [order-service] [   scheduling-1] o.a.kafka.common.utils.AppInfoParser     : Kafka startTimeMs: 1789665985231
2026-09-17T20:26:25.289+03:00  WARN [,] 90590 --- [order-service] [           main] org.apache.kafka.clients.NetworkClient   : [Consumer clientId=consumer-it-fab5161e-77cb-44c5-896d-d1ef8729f4cc-1, groupId=it-fab5161e-77cb-44c5-896d-d1ef8729f4cc] Error while fetching metadata with correlation id 2 : {order-created=UNKNOWN_TOPIC_OR_PARTITION}
2026-09-17T20:26:25.290+03:00  INFO [,] 90590 --- [order-service] [           main] org.apache.kafka.clients.Metadata        : [Consumer clientId=consumer-it-fab5161e-77cb-44c5-896d-d1ef8729f4cc-1, groupId=it-fab5161e-77cb-44c5-896d-d1ef8729f4cc] Cluster ID: zi6oO4DnRtK53kRf22bnbQ
2026-09-17T20:26:25.309+03:00  WARN [,] 90590 --- [order-service] [vice-producer-1] org.apache.kafka.clients.NetworkClient   : [Producer clientId=order-service-producer-1] Error while fetching metadata with correlation id 1 : {order-created=LEADER_NOT_AVAILABLE}
2026-09-17T20:26:25.309+03:00  INFO [,] 90590 --- [order-service] [vice-producer-1] org.apache.kafka.clients.Metadata        : [Producer clientId=order-service-producer-1] Cluster ID: zi6oO4DnRtK53kRf22bnbQ
2026-09-17T20:26:25.423+03:00  INFO [,] 90590 --- [order-service] [vice-producer-1] o.a.k.c.p.internals.TransactionManager   : [Producer clientId=order-service-producer-1] ProducerId set to 0 with epoch 0
2026-09-17T20:26:25.425+03:00  INFO [,] 90590 --- [order-service] [           main] o.a.k.c.c.internals.ConsumerCoordinator  : [Consumer clientId=consumer-it-fab5161e-77cb-44c5-896d-d1ef8729f4cc-1, groupId=it-fab5161e-77cb-44c5-896d-d1ef8729f4cc] Discovered group coordinator localhost:50108 (id: 2147483646 rack: null)
2026-09-17T20:26:25.427+03:00  INFO [,] 90590 --- [order-service] [           main] o.a.k.c.c.internals.ConsumerCoordinator  : [Consumer clientId=consumer-it-fab5161e-77cb-44c5-896d-d1ef8729f4cc-1, groupId=it-fab5161e-77cb-44c5-896d-d1ef8729f4cc] (Re-)joining group
2026-09-17T20:26:25.437+03:00  INFO [,] 90590 --- [order-service] [           main] o.a.k.c.c.internals.ConsumerCoordinator  : [Consumer clientId=consumer-it-fab5161e-77cb-44c5-896d-d1ef8729f4cc-1, groupId=it-fab5161e-77cb-44c5-896d-d1ef8729f4cc] Request joining group due to: need to re-join with the given member-id: consumer-it-fab5161e-77cb-44c5-896d-d1ef8729f4cc-1-96317860-2192-4de4-a5e8-0b537c21e95c
2026-09-17T20:26:25.437+03:00  INFO [,] 90590 --- [order-service] [           main] o.a.k.c.c.internals.ConsumerCoordinator  : [Consumer clientId=consumer-it-fab5161e-77cb-44c5-896d-d1ef8729f4cc-1, groupId=it-fab5161e-77cb-44c5-896d-d1ef8729f4cc] (Re-)joining group
2026-09-17T20:26:25.449+03:00  INFO [,] 90590 --- [order-service] [           main] o.a.k.c.c.internals.ConsumerCoordinator  : [Consumer clientId=consumer-it-fab5161e-77cb-44c5-896d-d1ef8729f4cc-1, groupId=it-fab5161e-77cb-44c5-896d-d1ef8729f4cc] Successfully joined group with generation Generation{generationId=1, memberId='consumer-it-fab5161e-77cb-44c5-896d-d1ef8729f4cc-1-96317860-2192-4de4-a5e8-0b537c21e95c', protocol='range'}
2026-09-17T20:26:25.451+03:00  INFO [,] 90590 --- [order-service] [           main] o.a.k.c.c.internals.ConsumerCoordinator  : [Consumer clientId=consumer-it-fab5161e-77cb-44c5-896d-d1ef8729f4cc-1, groupId=it-fab5161e-77cb-44c5-896d-d1ef8729f4cc] Finished assignment for group at generation 1: {consumer-it-fab5161e-77cb-44c5-896d-d1ef8729f4cc-1-96317860-2192-4de4-a5e8-0b537c21e95c=Assignment(partitions=[order-created-0])}
2026-09-17T20:26:25.464+03:00  INFO [,] 90590 --- [order-service] [           main] o.a.k.c.c.internals.ConsumerCoordinator  : [Consumer clientId=consumer-it-fab5161e-77cb-44c5-896d-d1ef8729f4cc-1, groupId=it-fab5161e-77cb-44c5-896d-d1ef8729f4cc] Successfully synced group in generation Generation{generationId=1, memberId='consumer-it-fab5161e-77cb-44c5-896d-d1ef8729f4cc-1-96317860-2192-4de4-a5e8-0b537c21e95c', protocol='range'}
2026-09-17T20:26:25.465+03:00  INFO [,] 90590 --- [order-service] [           main] o.a.k.c.c.internals.ConsumerCoordinator  : [Consumer clientId=consumer-it-fab5161e-77cb-44c5-896d-d1ef8729f4cc-1, groupId=it-fab5161e-77cb-44c5-896d-d1ef8729f4cc] Notifying assignor about the new Assignment(partitions=[order-created-0])
2026-09-17T20:26:25.465+03:00  INFO [,] 90590 --- [order-service] [           main] k.c.c.i.ConsumerRebalanceListenerInvoker : [Consumer clientId=consumer-it-fab5161e-77cb-44c5-896d-d1ef8729f4cc-1, groupId=it-fab5161e-77cb-44c5-896d-d1ef8729f4cc] Adding newly assigned partitions: order-created-0
2026-09-17T20:26:25.473+03:00  INFO [,] 90590 --- [order-service] [           main] o.a.k.c.c.internals.ConsumerCoordinator  : [Consumer clientId=consumer-it-fab5161e-77cb-44c5-896d-d1ef8729f4cc-1, groupId=it-fab5161e-77cb-44c5-896d-d1ef8729f4cc] Found no committed offset for partition order-created-0
2026-09-17T20:26:25.479+03:00  INFO [,] 90590 --- [order-service] [           main] o.a.k.c.c.internals.SubscriptionState    : [Consumer clientId=consumer-it-fab5161e-77cb-44c5-896d-d1ef8729f4cc-1, groupId=it-fab5161e-77cb-44c5-896d-d1ef8729f4cc] Resetting offset for partition order-created-0 to position FetchPosition{offset=0, offsetEpoch=Optional.empty, currentLeader=LeaderAndEpoch{leader=Optional[localhost:50108 (id: 1 rack: null)], epoch=0}}.
2026-09-17T20:26:35.158+03:00  INFO [,] 90590 --- [order-service] [           main] k.c.c.i.ConsumerRebalanceListenerInvoker : [Consumer clientId=consumer-it-fab5161e-77cb-44c5-896d-d1ef8729f4cc-1, groupId=it-fab5161e-77cb-44c5-896d-d1ef8729f4cc] Revoke previously assigned partitions order-created-0
2026-09-17T20:26:35.158+03:00  INFO [,] 90590 --- [order-service] [           main] o.a.k.c.c.internals.ConsumerCoordinator  : [Consumer clientId=consumer-it-fab5161e-77cb-44c5-896d-d1ef8729f4cc-1, groupId=it-fab5161e-77cb-44c5-896d-d1ef8729f4cc] Member consumer-it-fab5161e-77cb-44c5-896d-d1ef8729f4cc-1-96317860-2192-4de4-a5e8-0b537c21e95c sending LeaveGroup request to coordinator localhost:50108 (id: 2147483646 rack: null) due to the consumer is being closed
2026-09-17T20:26:35.159+03:00  INFO [,] 90590 --- [order-service] [           main] o.a.k.c.c.internals.ConsumerCoordinator  : [Consumer clientId=consumer-it-fab5161e-77cb-44c5-896d-d1ef8729f4cc-1, groupId=it-fab5161e-77cb-44c5-896d-d1ef8729f4cc] Resetting generation and member id due to: consumer pro-actively leaving the group
2026-09-17T20:26:35.159+03:00  INFO [,] 90590 --- [order-service] [           main] o.a.k.c.c.internals.ConsumerCoordinator  : [Consumer clientId=consumer-it-fab5161e-77cb-44c5-896d-d1ef8729f4cc-1, groupId=it-fab5161e-77cb-44c5-896d-d1ef8729f4cc] Request joining group due to: consumer pro-actively leaving the group
2026-09-17T20:26:35.174+03:00  INFO [,] 90590 --- [order-service] [           main] o.apache.kafka.common.metrics.Metrics    : Metrics scheduler closed
2026-09-17T20:26:35.174+03:00  INFO [,] 90590 --- [order-service] [           main] o.apache.kafka.common.metrics.Metrics    : Closing reporter org.apache.kafka.common.metrics.JmxReporter
2026-09-17T20:26:35.174+03:00  INFO [,] 90590 --- [order-service] [           main] o.apache.kafka.common.metrics.Metrics    : Closing reporter org.apache.kafka.common.telemetry.internals.ClientTelemetryReporter
2026-09-17T20:26:35.174+03:00  INFO [,] 90590 --- [order-service] [           main] o.apache.kafka.common.metrics.Metrics    : Metrics reporters closed
2026-09-17T20:26:35.178+03:00  INFO [,] 90590 --- [order-service] [           main] o.a.kafka.common.utils.AppInfoParser     : App info kafka.consumer for consumer-it-fab5161e-77cb-44c5-896d-d1ef8729f4cc-1 unregistered
]]></system-out>
    <system-err><![CDATA[Sep 17, 2026 8:26:19 PM org.junit.platform.launcher.core.LauncherConfigurationParameters loadClasspathResource
WARNING: Discovered 2 'junit-platform.properties' configuration files in the classpath; only the first will be used.
Sep 17, 2026 8:26:19 PM org.junit.platform.launcher.core.LauncherConfigurationParameters loadClasspathResource
WARNING: Discovered 2 'junit-platform.properties' configuration files in the classpath; only the first will be used.
Sep 17, 2026 8:26:19 PM org.junit.platform.launcher.core.LauncherConfigurationParameters loadClasspathResource
WARNING: Discovered 2 'junit-platform.properties' configuration files in the classpath; only the first will be used.
WARNING: A Java agent has been loaded dynamically (/Users/sergejacmennikov/.m2/repository/net/bytebuddy/byte-buddy-agent/1.14.19/byte-buddy-agent-1.14.19.jar)
WARNING: If a serviceability tool is in use, please run with -XX:+EnableDynamicAgentLoading to hide this warning
WARNING: If a serviceability tool is not in use, please run with -Djdk.instrument.traceUsage for more information
WARNING: Dynamic loading of agents will be disallowed by default in a future release
]]></system-err>
  </testcase>
</testsuite>